[      62ms] [ERROR] Failed to load resource: the server responded with a status of 404 (Not Found) @ http://localhost:3000/demo/Connecting%20people,%20data,%20and%20creativity.:0
[      63ms] [ERROR] Failed to load resource: the server responded with a status of 404 (Not Found) @ http://localhost:3000/demo/Experience%20the%20Future%20of%20Work:0
[      64ms] [ERROR] Failed to load resource: the server responded with a status of 404 (Not Found) @ http://localhost:3000/demo/Learn%20More:0
[      64ms] [ERROR] Failed to load resource: the server responded with a status of 404 (Not Found) @ http://localhost:3000/demo/600:0
[      65ms] [ERROR] Failed to load resource: the server responded with a status of 404 (Not Found) @ http://localhost:3000/demo/cover:0
[      87ms] [ERROR] failed to load module for poll-widget SyntaxError: Identifier 'headerCells' has already been declared @ http://localhost:3000/scripts/aem.js:591
[      93ms] [ERROR] failed to load module for scroll-reveal TypeError: Cannot read properties of null (reading 'remove')
    at Module.decorate (http://localhost:3000/blocks/scroll-reveal/scroll-reveal.js:30:9)
    at async http://localhost:3000/scripts/aem.js:588:15 @ http://localhost:3000/scripts/aem.js:591
[   21569ms] [ERROR] failed to load module for video-panel ReferenceError: videoData is not defined
    at Module.decorate (http://localhost:3000/blocks/video-panel/video-panel.js:24:3)
    at async http://localhost:3000/scripts/aem.js:588:15 @ http://localhost:3000/scripts/aem.js:591
[   21585ms] [ERROR] failed to load module for poll-widget SyntaxError: Identifier 'headerCells' has already been declared @ http://localhost:3000/scripts/aem.js:591
[   21591ms] [ERROR] failed to load module for scroll-reveal TypeError: Cannot read properties of null (reading 'remove')
    at Module.decorate (http://localhost:3000/blocks/scroll-reveal/scroll-reveal.js:30:9)
    at async http://localhost:3000/scripts/aem.js:588:15 @ http://localhost:3000/scripts/aem.js:591
[   40109ms] [ERROR] failed to load module for video-panel ReferenceError: videoData is not defined
    at Module.decorate (http://localhost:3000/blocks/video-panel/video-panel.js:24:3)
    at async http://localhost:3000/scripts/aem.js:588:15 @ http://localhost:3000/scripts/aem.js:591
[   40138ms] [ERROR] failed to load module for poll-widget SyntaxError: Identifier 'questionText' has already been declared @ http://localhost:3000/scripts/aem.js:591
[   40478ms] [ERROR] failed to load module for video-panel ReferenceError: videoData is not defined
    at Module.decorate (http://localhost:3000/blocks/video-panel/video-panel.js:24:3)
    at async http://localhost:3000/scripts/aem.js:588:15 @ http://localhost:3000/scripts/aem.js:591
[   40525ms] [ERROR] failed to load module for poll-widget SyntaxError: Identifier 'questionText' has already been declared @ http://localhost:3000/scripts/aem.js:591
[   48662ms] [ERROR] failed to load module for poll-widget SyntaxError: Identifier 'questionText' has already been declared @ http://localhost:3000/scripts/aem.js:591
