[     188ms] [WARNING] Scripts "build/three.js" and "build/three.min.js" are deprecated with r150+, and will be removed with r160. Please use ES Modules or alternatives: https://threejs.org/docs/index.html#manual/en/introduction/Installation @ https://cdn.jsdelivr.net/npm/three@0.155.0/build/three.min.js:0
[    1010ms] [ERROR] Failed to load resource: the server responded with a status of 404 (Not Found) @ http://localhost:3000/blocks/viz-pipeline/viz-pipeline.js:0
[    1010ms] [ERROR] failed to load module for viz-pipeline TypeError: Failed to fetch dynamically imported module: http://localhost:3000/blocks/viz-pipeline/viz-pipeline.js @ http://localhost:3000/scripts/aem.js:591
[    1475ms] [ERROR] Failed to load resource: the server responded with a status of 404 (Not Found) @ http://localhost:3000/blocks/viz-secure-feed/viz-secure-feed.js:0
[    1476ms] [ERROR] failed to load module for viz-secure-feed TypeError: Failed to fetch dynamically imported module: http://localhost:3000/blocks/viz-secure-feed/viz-secure-feed.js @ http://localhost:3000/scripts/aem.js:591
[    1757ms] [ERROR] WebSocket connection to 'wss://stream.binance.com:9443/stream?streams=btcusdt@miniTicker/ethusdt@miniTicker/solusdt@miniTicker' failed: Error during WebSocket handshake: Unexpected response code: 451 @ http://localhost:3000/blocks/viz-crypto-pulse/viz-crypto-pulse.js:85
[    1778ms] [ERROR] Access to fetch at 'https://api.coingecko.com/api/v3/simple/price?ids=btc,eth,sol&vs_currencies=usd&include_market_cap=false&include_24hr_vol=false&include_24hr_change=true' from origin 'http://localhost:3000' has been blocked by CORS policy: No 'Access-Control-Allow-Origin' header is present on the requested resource. @ http://localhost:3000/demo/viz-demo:0
[    1778ms] [ERROR] Failed to load resource: net::ERR_FAILED @ https://api.coingecko.com/api/v3/simple/price?ids=btc,eth,sol&vs_currencies=usd&include_market_cap=false&include_24hr_vol=false&include_24hr_change=true:0
[    1778ms] [ERROR] REST fetch error: TypeError: Failed to fetch
    at fetchPrices (http://localhost:3000/blocks/viz-crypto-pulse/viz-crypto-pulse.js:121:27)
    at CryptoPulse.startRESTFallback (http://localhost:3000/blocks/viz-crypto-pulse/viz-crypto-pulse.js:161:5)
    at ws.onerror (http://localhost:3000/blocks/viz-crypto-pulse/viz-crypto-pulse.js:102:14) @ http://localhost:3000/blocks/viz-crypto-pulse/viz-crypto-pulse.js:139
[    1803ms] [ERROR] Failed to load resource: the server responded with a status of 404 (Not Found) @ http://localhost:3000/blocks/m3d-photo-globe/m3d-photo-globe.js:0
[    1804ms] [ERROR] failed to load module for m3d-photo-globe TypeError: Failed to fetch dynamically imported module: http://localhost:3000/blocks/m3d-photo-globe/m3d-photo-globe.js @ http://localhost:3000/scripts/aem.js:591
[   16777ms] [ERROR] Access to fetch at 'https://api.coingecko.com/api/v3/simple/price?ids=btc,eth,sol&vs_currencies=usd&include_market_cap=false&include_24hr_vol=false&include_24hr_change=true' from origin 'http://localhost:3000' has been blocked by CORS policy: No 'Access-Control-Allow-Origin' header is present on the requested resource. @ http://localhost:3000/demo/viz-demo:0
[   16777ms] [ERROR] Failed to load resource: net::ERR_FAILED @ https://api.coingecko.com/api/v3/simple/price?ids=btc,eth,sol&vs_currencies=usd&include_market_cap=false&include_24hr_vol=false&include_24hr_change=true:0
[   16777ms] [ERROR] REST fetch error: TypeError: Failed to fetch
    at fetchPrices (http://localhost:3000/blocks/viz-crypto-pulse/viz-crypto-pulse.js:121:27) @ http://localhost:3000/blocks/viz-crypto-pulse/viz-crypto-pulse.js:139
[   31778ms] [ERROR] Access to fetch at 'https://api.coingecko.com/api/v3/simple/price?ids=btc,eth,sol&vs_currencies=usd&include_market_cap=false&include_24hr_vol=false&include_24hr_change=true' from origin 'http://localhost:3000' has been blocked by CORS policy: No 'Access-Control-Allow-Origin' header is present on the requested resource. @ http://localhost:3000/demo/viz-demo:0
[   31778ms] [ERROR] Failed to load resource: net::ERR_FAILED @ https://api.coingecko.com/api/v3/simple/price?ids=btc,eth,sol&vs_currencies=usd&include_market_cap=false&include_24hr_vol=false&include_24hr_change=true:0
[   31778ms] [ERROR] REST fetch error: TypeError: Failed to fetch
    at fetchPrices (http://localhost:3000/blocks/viz-crypto-pulse/viz-crypto-pulse.js:121:27) @ http://localhost:3000/blocks/viz-crypto-pulse/viz-crypto-pulse.js:139
[  121787ms] [ERROR] Access to fetch at 'https://api.coingecko.com/api/v3/simple/price?ids=btc,eth,sol&vs_currencies=usd&include_market_cap=false&include_24hr_vol=false&include_24hr_change=true' from origin 'http://localhost:3000' has been blocked by CORS policy: No 'Access-Control-Allow-Origin' header is present on the requested resource. @ http://localhost:3000/demo/viz-demo:0
[  121787ms] [ERROR] Failed to load resource: net::ERR_FAILED @ https://api.coingecko.com/api/v3/simple/price?ids=btc,eth,sol&vs_currencies=usd&include_market_cap=false&include_24hr_vol=false&include_24hr_change=true:0
[  121787ms] [ERROR] REST fetch error: TypeError: Failed to fetch
    at fetchPrices (http://localhost:3000/blocks/viz-crypto-pulse/viz-crypto-pulse.js:121:27) @ http://localhost:3000/blocks/viz-crypto-pulse/viz-crypto-pulse.js:139
[  136780ms] [ERROR] Access to fetch at 'https://api.coingecko.com/api/v3/simple/price?ids=btc,eth,sol&vs_currencies=usd&include_market_cap=false&include_24hr_vol=false&include_24hr_change=true' from origin 'http://localhost:3000' has been blocked by CORS policy: No 'Access-Control-Allow-Origin' header is present on the requested resource. @ http://localhost:3000/demo/viz-demo:0
[  136780ms] [ERROR] Failed to load resource: net::ERR_FAILED @ https://api.coingecko.com/api/v3/simple/price?ids=btc,eth,sol&vs_currencies=usd&include_market_cap=false&include_24hr_vol=false&include_24hr_change=true:0
[  136780ms] [ERROR] REST fetch error: TypeError: Failed to fetch
    at fetchPrices (http://localhost:3000/blocks/viz-crypto-pulse/viz-crypto-pulse.js:121:27) @ http://localhost:3000/blocks/viz-crypto-pulse/viz-crypto-pulse.js:139
[  151779ms] [ERROR] Access to fetch at 'https://api.coingecko.com/api/v3/simple/price?ids=btc,eth,sol&vs_currencies=usd&include_market_cap=false&include_24hr_vol=false&include_24hr_change=true' from origin 'http://localhost:3000' has been blocked by CORS policy: No 'Access-Control-Allow-Origin' header is present on the requested resource. @ http://localhost:3000/demo/viz-demo:0
[  151779ms] [ERROR] Failed to load resource: net::ERR_FAILED @ https://api.coingecko.com/api/v3/simple/price?ids=btc,eth,sol&vs_currencies=usd&include_market_cap=false&include_24hr_vol=false&include_24hr_change=true:0
[  151779ms] [ERROR] REST fetch error: TypeError: Failed to fetch
    at fetchPrices (http://localhost:3000/blocks/viz-crypto-pulse/viz-crypto-pulse.js:121:27) @ http://localhost:3000/blocks/viz-crypto-pulse/viz-crypto-pulse.js:139
[  166778ms] [ERROR] Access to fetch at 'https://api.coingecko.com/api/v3/simple/price?ids=btc,eth,sol&vs_currencies=usd&include_market_cap=false&include_24hr_vol=false&include_24hr_change=true' from origin 'http://localhost:3000' has been blocked by CORS policy: No 'Access-Control-Allow-Origin' header is present on the requested resource. @ http://localhost:3000/demo/viz-demo:0
[  166778ms] [ERROR] Failed to load resource: net::ERR_FAILED @ https://api.coingecko.com/api/v3/simple/price?ids=btc,eth,sol&vs_currencies=usd&include_market_cap=false&include_24hr_vol=false&include_24hr_change=true:0
[  166778ms] [ERROR] REST fetch error: TypeError: Failed to fetch
    at fetchPrices (http://localhost:3000/blocks/viz-crypto-pulse/viz-crypto-pulse.js:121:27) @ http://localhost:3000/blocks/viz-crypto-pulse/viz-crypto-pulse.js:139
[  181786ms] [ERROR] Access to fetch at 'https://api.coingecko.com/api/v3/simple/price?ids=btc,eth,sol&vs_currencies=usd&include_market_cap=false&include_24hr_vol=false&include_24hr_change=true' from origin 'http://localhost:3000' has been blocked by CORS policy: No 'Access-Control-Allow-Origin' header is present on the requested resource. @ http://localhost:3000/demo/viz-demo:0
[  181786ms] [ERROR] Failed to load resource: net::ERR_FAILED @ https://api.coingecko.com/api/v3/simple/price?ids=btc,eth,sol&vs_currencies=usd&include_market_cap=false&include_24hr_vol=false&include_24hr_change=true:0
[  181786ms] [ERROR] REST fetch error: TypeError: Failed to fetch
    at fetchPrices (http://localhost:3000/blocks/viz-crypto-pulse/viz-crypto-pulse.js:121:27) @ http://localhost:3000/blocks/viz-crypto-pulse/viz-crypto-pulse.js:139
[  271791ms] [ERROR] Access to fetch at 'https://api.coingecko.com/api/v3/simple/price?ids=btc,eth,sol&vs_currencies=usd&include_market_cap=false&include_24hr_vol=false&include_24hr_change=true' from origin 'http://localhost:3000' has been blocked by CORS policy: No 'Access-Control-Allow-Origin' header is present on the requested resource. @ http://localhost:3000/demo/viz-demo:0
[  271792ms] [ERROR] Failed to load resource: net::ERR_FAILED @ https://api.coingecko.com/api/v3/simple/price?ids=btc,eth,sol&vs_currencies=usd&include_market_cap=false&include_24hr_vol=false&include_24hr_change=true:0
[  271792ms] [ERROR] REST fetch error: TypeError: Failed to fetch
    at fetchPrices (http://localhost:3000/blocks/viz-crypto-pulse/viz-crypto-pulse.js:121:27) @ http://localhost:3000/blocks/viz-crypto-pulse/viz-crypto-pulse.js:139
[  286779ms] [ERROR] Access to fetch at 'https://api.coingecko.com/api/v3/simple/price?ids=btc,eth,sol&vs_currencies=usd&include_market_cap=false&include_24hr_vol=false&include_24hr_change=true' from origin 'http://localhost:3000' has been blocked by CORS policy: No 'Access-Control-Allow-Origin' header is present on the requested resource. @ http://localhost:3000/demo/viz-demo:0
[  286779ms] [ERROR] Failed to load resource: net::ERR_FAILED @ https://api.coingecko.com/api/v3/simple/price?ids=btc,eth,sol&vs_currencies=usd&include_market_cap=false&include_24hr_vol=false&include_24hr_change=true:0
[  286779ms] [ERROR] REST fetch error: TypeError: Failed to fetch
    at fetchPrices (http://localhost:3000/blocks/viz-crypto-pulse/viz-crypto-pulse.js:121:27) @ http://localhost:3000/blocks/viz-crypto-pulse/viz-crypto-pulse.js:139
[  301792ms] [ERROR] Access to fetch at 'https://api.coingecko.com/api/v3/simple/price?ids=btc,eth,sol&vs_currencies=usd&include_market_cap=false&include_24hr_vol=false&include_24hr_change=true' from origin 'http://localhost:3000' has been blocked by CORS policy: No 'Access-Control-Allow-Origin' header is present on the requested resource. @ http://localhost:3000/demo/viz-demo:0
[  301792ms] [ERROR] Failed to load resource: net::ERR_FAILED @ https://api.coingecko.com/api/v3/simple/price?ids=btc,eth,sol&vs_currencies=usd&include_market_cap=false&include_24hr_vol=false&include_24hr_change=true:0
[  301792ms] [ERROR] REST fetch error: TypeError: Failed to fetch
    at fetchPrices (http://localhost:3000/blocks/viz-crypto-pulse/viz-crypto-pulse.js:121:27) @ http://localhost:3000/blocks/viz-crypto-pulse/viz-crypto-pulse.js:139
[  316789ms] [ERROR] Access to fetch at 'https://api.coingecko.com/api/v3/simple/price?ids=btc,eth,sol&vs_currencies=usd&include_market_cap=false&include_24hr_vol=false&include_24hr_change=true' from origin 'http://localhost:3000' has been blocked by CORS policy: No 'Access-Control-Allow-Origin' header is present on the requested resource. @ http://localhost:3000/demo/viz-demo:0
[  316789ms] [ERROR] Failed to load resource: net::ERR_FAILED @ https://api.coingecko.com/api/v3/simple/price?ids=btc,eth,sol&vs_currencies=usd&include_market_cap=false&include_24hr_vol=false&include_24hr_change=true:0
[  316789ms] [ERROR] REST fetch error: TypeError: Failed to fetch
    at fetchPrices (http://localhost:3000/blocks/viz-crypto-pulse/viz-crypto-pulse.js:121:27) @ http://localhost:3000/blocks/viz-crypto-pulse/viz-crypto-pulse.js:139
[  331781ms] [ERROR] Access to fetch at 'https://api.coingecko.com/api/v3/simple/price?ids=btc,eth,sol&vs_currencies=usd&include_market_cap=false&include_24hr_vol=false&include_24hr_change=true' from origin 'http://localhost:3000' has been blocked by CORS policy: No 'Access-Control-Allow-Origin' header is present on the requested resource. @ http://localhost:3000/demo/viz-demo:0
[  331781ms] [ERROR] Failed to load resource: net::ERR_FAILED @ https://api.coingecko.com/api/v3/simple/price?ids=btc,eth,sol&vs_currencies=usd&include_market_cap=false&include_24hr_vol=false&include_24hr_change=true:0
[  331781ms] [ERROR] REST fetch error: TypeError: Failed to fetch
    at fetchPrices (http://localhost:3000/blocks/viz-crypto-pulse/viz-crypto-pulse.js:121:27) @ http://localhost:3000/blocks/viz-crypto-pulse/viz-crypto-pulse.js:139
[  421799ms] [ERROR] Access to fetch at 'https://api.coingecko.com/api/v3/simple/price?ids=btc,eth,sol&vs_currencies=usd&include_market_cap=false&include_24hr_vol=false&include_24hr_change=true' from origin 'http://localhost:3000' has been blocked by CORS policy: No 'Access-Control-Allow-Origin' header is present on the requested resource. @ http://localhost:3000/demo/viz-demo:0
[  421799ms] [ERROR] Failed to load resource: net::ERR_FAILED @ https://api.coingecko.com/api/v3/simple/price?ids=btc,eth,sol&vs_currencies=usd&include_market_cap=false&include_24hr_vol=false&include_24hr_change=true:0
[  421799ms] [ERROR] REST fetch error: TypeError: Failed to fetch
    at fetchPrices (http://localhost:3000/blocks/viz-crypto-pulse/viz-crypto-pulse.js:121:27) @ http://localhost:3000/blocks/viz-crypto-pulse/viz-crypto-pulse.js:139
[  436794ms] [ERROR] Access to fetch at 'https://api.coingecko.com/api/v3/simple/price?ids=btc,eth,sol&vs_currencies=usd&include_market_cap=false&include_24hr_vol=false&include_24hr_change=true' from origin 'http://localhost:3000' has been blocked by CORS policy: No 'Access-Control-Allow-Origin' header is present on the requested resource. @ http://localhost:3000/demo/viz-demo:0
[  436794ms] [ERROR] Failed to load resource: net::ERR_FAILED @ https://api.coingecko.com/api/v3/simple/price?ids=btc,eth,sol&vs_currencies=usd&include_market_cap=false&include_24hr_vol=false&include_24hr_change=true:0
[  436795ms] [ERROR] REST fetch error: TypeError: Failed to fetch
    at fetchPrices (http://localhost:3000/blocks/viz-crypto-pulse/viz-crypto-pulse.js:121:27) @ http://localhost:3000/blocks/viz-crypto-pulse/viz-crypto-pulse.js:139
[  451791ms] [ERROR] Access to fetch at 'https://api.coingecko.com/api/v3/simple/price?ids=btc,eth,sol&vs_currencies=usd&include_market_cap=false&include_24hr_vol=false&include_24hr_change=true' from origin 'http://localhost:3000' has been blocked by CORS policy: No 'Access-Control-Allow-Origin' header is present on the requested resource. @ http://localhost:3000/demo/viz-demo:0
[  451791ms] [ERROR] Failed to load resource: net::ERR_FAILED @ https://api.coingecko.com/api/v3/simple/price?ids=btc,eth,sol&vs_currencies=usd&include_market_cap=false&include_24hr_vol=false&include_24hr_change=true:0
[  451791ms] [ERROR] REST fetch error: TypeError: Failed to fetch
    at fetchPrices (http://localhost:3000/blocks/viz-crypto-pulse/viz-crypto-pulse.js:121:27) @ http://localhost:3000/blocks/viz-crypto-pulse/viz-crypto-pulse.js:139
[  466789ms] [ERROR] Access to fetch at 'https://api.coingecko.com/api/v3/simple/price?ids=btc,eth,sol&vs_currencies=usd&include_market_cap=false&include_24hr_vol=false&include_24hr_change=true' from origin 'http://localhost:3000' has been blocked by CORS policy: No 'Access-Control-Allow-Origin' header is present on the requested resource. @ http://localhost:3000/demo/viz-demo:0
[  466789ms] [ERROR] Failed to load resource: net::ERR_FAILED @ https://api.coingecko.com/api/v3/simple/price?ids=btc,eth,sol&vs_currencies=usd&include_market_cap=false&include_24hr_vol=false&include_24hr_change=true:0
[  466789ms] [ERROR] REST fetch error: TypeError: Failed to fetch
    at fetchPrices (http://localhost:3000/blocks/viz-crypto-pulse/viz-crypto-pulse.js:121:27) @ http://localhost:3000/blocks/viz-crypto-pulse/viz-crypto-pulse.js:139
