[      88ms] [WARNING] Scripts "build/three.js" and "build/three.min.js" are deprecated with r150+, and will be removed with r160. Please use ES Modules or alternatives: https://threejs.org/docs/index.html#manual/en/introduction/Installation @ https://cdn.jsdelivr.net/npm/three@0.155.0/build/three.min.js:0
[     288ms] [ERROR] Failed to load resource: the server responded with a status of 404 (Not Found) @ http://localhost:3000/blocks/viz-pipeline/viz-pipeline.js:0
[     311ms] [ERROR] failed to load module for viz-pipeline TypeError: Failed to fetch dynamically imported module: http://localhost:3000/blocks/viz-pipeline/viz-pipeline.js @ http://localhost:3000/scripts/aem.js:591
[     600ms] [ERROR] Failed to load resource: the server responded with a status of 404 (Not Found) @ http://localhost:3000/blocks/viz-office-map/viz-office-map.js:0
[     607ms] [ERROR] failed to load module for viz-office-map TypeError: Failed to fetch dynamically imported module: http://localhost:3000/blocks/viz-office-map/viz-office-map.js @ http://localhost:3000/scripts/aem.js:591
[     623ms] [WARNING] Scripts "build/three.js" and "build/three.min.js" are deprecated with r150+, and will be removed with r160. Please use ES Modules or alternatives: https://threejs.org/docs/index.html#manual/en/introduction/Installation @ https://cdn.jsdelivr.net/npm/three@0.155.0/build/three.min.js:0
[     626ms] [WARNING] WARNING: Multiple instances of Three.js being imported. @ https://cdn.jsdelivr.net/npm/three@0.155.0/build/three.min.js:6
[    1033ms] [ERROR] Failed to load resource: the server responded with a status of 404 (Not Found) @ http://localhost:3000/blocks/viz-secure-feed/viz-secure-feed.js:0
[    1042ms] [ERROR] failed to load module for viz-secure-feed TypeError: Failed to fetch dynamically imported module: http://localhost:3000/blocks/viz-secure-feed/viz-secure-feed.js @ http://localhost:3000/scripts/aem.js:591
[    1043ms] [ERROR] WebSocket connection to 'wss://stream.binance.com:9443/stream?streams=btcusdt@miniTicker/ethusdt@miniTicker/solusdt@miniTicker' failed: Error during WebSocket handshake: Unexpected response code: 451 @ http://localhost:3000/blocks/viz-crypto-pulse/viz-crypto-pulse.js:85
[    1071ms] [ERROR] Access to fetch at 'https://api.coingecko.com/api/v3/simple/price?ids=btc,eth,sol&vs_currencies=usd&include_market_cap=false&include_24hr_vol=false&include_24hr_change=true' from origin 'http://localhost:3000' has been blocked by CORS policy: No 'Access-Control-Allow-Origin' header is present on the requested resource. @ http://localhost:3000/demo/viz-demo.html:0
[    1071ms] [ERROR] Failed to load resource: net::ERR_FAILED @ https://api.coingecko.com/api/v3/simple/price?ids=btc,eth,sol&vs_currencies=usd&include_market_cap=false&include_24hr_vol=false&include_24hr_change=true:0
[    1071ms] [ERROR] REST fetch error: TypeError: Failed to fetch
    at fetchPrices (http://localhost:3000/blocks/viz-crypto-pulse/viz-crypto-pulse.js:121:27)
    at CryptoPulse.startRESTFallback (http://localhost:3000/blocks/viz-crypto-pulse/viz-crypto-pulse.js:145:5)
    at ws.onerror (http://localhost:3000/blocks/viz-crypto-pulse/viz-crypto-pulse.js:102:14) @ http://localhost:3000/blocks/viz-crypto-pulse/viz-crypto-pulse.js:139
[    1869ms] [ERROR] Failed to load resource: the server responded with a status of 404 (Not Found) @ http://localhost:3000/blocks/m3d-photo-globe/m3d-photo-globe.js:0
[    1876ms] [ERROR] failed to load module for m3d-photo-globe TypeError: Failed to fetch dynamically imported module: http://localhost:3000/blocks/m3d-photo-globe/m3d-photo-globe.js @ http://localhost:3000/scripts/aem.js:591
[   16061ms] [ERROR] Access to fetch at 'https://api.coingecko.com/api/v3/simple/price?ids=btc,eth,sol&vs_currencies=usd&include_market_cap=false&include_24hr_vol=false&include_24hr_change=true' from origin 'http://localhost:3000' has been blocked by CORS policy: No 'Access-Control-Allow-Origin' header is present on the requested resource. @ http://localhost:3000/demo/viz-demo.html:0
[   16061ms] [ERROR] Failed to load resource: net::ERR_FAILED @ https://api.coingecko.com/api/v3/simple/price?ids=btc,eth,sol&vs_currencies=usd&include_market_cap=false&include_24hr_vol=false&include_24hr_change=true:0
[   16061ms] [ERROR] REST fetch error: TypeError: Failed to fetch
    at fetchPrices (http://localhost:3000/blocks/viz-crypto-pulse/viz-crypto-pulse.js:121:27) @ http://localhost:3000/blocks/viz-crypto-pulse/viz-crypto-pulse.js:139
[   31072ms] [ERROR] Access to fetch at 'https://api.coingecko.com/api/v3/simple/price?ids=btc,eth,sol&vs_currencies=usd&include_market_cap=false&include_24hr_vol=false&include_24hr_change=true' from origin 'http://localhost:3000' has been blocked by CORS policy: No 'Access-Control-Allow-Origin' header is present on the requested resource. @ http://localhost:3000/demo/viz-demo.html:0
[   31073ms] [ERROR] Failed to load resource: net::ERR_FAILED @ https://api.coingecko.com/api/v3/simple/price?ids=btc,eth,sol&vs_currencies=usd&include_market_cap=false&include_24hr_vol=false&include_24hr_change=true:0
[   31073ms] [ERROR] REST fetch error: TypeError: Failed to fetch
    at fetchPrices (http://localhost:3000/blocks/viz-crypto-pulse/viz-crypto-pulse.js:121:27) @ http://localhost:3000/blocks/viz-crypto-pulse/viz-crypto-pulse.js:139
[   46061ms] [ERROR] Access to fetch at 'https://api.coingecko.com/api/v3/simple/price?ids=btc,eth,sol&vs_currencies=usd&include_market_cap=false&include_24hr_vol=false&include_24hr_change=true' from origin 'http://localhost:3000' has been blocked by CORS policy: No 'Access-Control-Allow-Origin' header is present on the requested resource. @ http://localhost:3000/demo/viz-demo.html:0
[   46061ms] [ERROR] Failed to load resource: net::ERR_FAILED @ https://api.coingecko.com/api/v3/simple/price?ids=btc,eth,sol&vs_currencies=usd&include_market_cap=false&include_24hr_vol=false&include_24hr_change=true:0
[   46061ms] [ERROR] REST fetch error: TypeError: Failed to fetch
    at fetchPrices (http://localhost:3000/blocks/viz-crypto-pulse/viz-crypto-pulse.js:121:27) @ http://localhost:3000/blocks/viz-crypto-pulse/viz-crypto-pulse.js:139
[   61066ms] [ERROR] Access to fetch at 'https://api.coingecko.com/api/v3/simple/price?ids=btc,eth,sol&vs_currencies=usd&include_market_cap=false&include_24hr_vol=false&include_24hr_change=true' from origin 'http://localhost:3000' has been blocked by CORS policy: No 'Access-Control-Allow-Origin' header is present on the requested resource. @ http://localhost:3000/demo/viz-demo.html:0
[   61066ms] [ERROR] Failed to load resource: net::ERR_FAILED @ https://api.coingecko.com/api/v3/simple/price?ids=btc,eth,sol&vs_currencies=usd&include_market_cap=false&include_24hr_vol=false&include_24hr_change=true:0
[   61066ms] [ERROR] REST fetch error: TypeError: Failed to fetch
    at fetchPrices (http://localhost:3000/blocks/viz-crypto-pulse/viz-crypto-pulse.js:121:27) @ http://localhost:3000/blocks/viz-crypto-pulse/viz-crypto-pulse.js:139
[  118723ms] [WARNING] Scripts "build/three.js" and "build/three.min.js" are deprecated with r150+, and will be removed with r160. Please use ES Modules or alternatives: https://threejs.org/docs/index.html#manual/en/introduction/Installation @ https://cdn.jsdelivr.net/npm/three@0.155.0/build/three.min.js:0
[  119269ms] [ERROR] Failed to load resource: the server responded with a status of 404 (Not Found) @ http://localhost:3000/blocks/viz-pipeline/viz-pipeline.js:0
[  119269ms] [ERROR] failed to load module for viz-pipeline TypeError: Failed to fetch dynamically imported module: http://localhost:3000/blocks/viz-pipeline/viz-pipeline.js @ http://localhost:3000/scripts/aem.js:591
[  119985ms] [ERROR] Failed to load resource: the server responded with a status of 404 (Not Found) @ http://localhost:3000/blocks/viz-office-map/viz-office-map.js:0
[  119986ms] [ERROR] failed to load module for viz-office-map TypeError: Failed to fetch dynamically imported module: http://localhost:3000/blocks/viz-office-map/viz-office-map.js @ http://localhost:3000/scripts/aem.js:591
[  120136ms] [WARNING] Scripts "build/three.js" and "build/three.min.js" are deprecated with r150+, and will be removed with r160. Please use ES Modules or alternatives: https://threejs.org/docs/index.html#manual/en/introduction/Installation @ https://cdn.jsdelivr.net/npm/three@0.155.0/build/three.min.js:0
[  120155ms] [WARNING] WARNING: Multiple instances of Three.js being imported. @ https://cdn.jsdelivr.net/npm/three@0.155.0/build/three.min.js:6
[  120779ms] [ERROR] Failed to load resource: the server responded with a status of 404 (Not Found) @ http://localhost:3000/blocks/viz-secure-feed/viz-secure-feed.js:0
[  120780ms] [ERROR] WebSocket connection to 'wss://stream.binance.com:9443/stream?streams=btcusdt@miniTicker/ethusdt@miniTicker/solusdt@miniTicker' failed: Error during WebSocket handshake: Unexpected response code: 451 @ http://localhost:3000/blocks/viz-crypto-pulse/viz-crypto-pulse.js:85
[  120786ms] [ERROR] failed to load module for viz-secure-feed TypeError: Failed to fetch dynamically imported module: http://localhost:3000/blocks/viz-secure-feed/viz-secure-feed.js @ http://localhost:3000/scripts/aem.js:591
[  121086ms] [ERROR] Failed to load resource: the server responded with a status of 404 (Not Found) @ http://localhost:3000/blocks/m3d-photo-globe/m3d-photo-globe.js:0
[  121086ms] [ERROR] failed to load module for m3d-photo-globe TypeError: Failed to fetch dynamically imported module: http://localhost:3000/blocks/m3d-photo-globe/m3d-photo-globe.js @ http://localhost:3000/scripts/aem.js:591
[  127467ms] [WARNING] Scripts "build/three.js" and "build/three.min.js" are deprecated with r150+, and will be removed with r160. Please use ES Modules or alternatives: https://threejs.org/docs/index.html#manual/en/introduction/Installation @ https://cdn.jsdelivr.net/npm/three@0.155.0/build/three.min.js:0
[  127878ms] [ERROR] Failed to load resource: the server responded with a status of 404 (Not Found) @ http://localhost:3000/blocks/viz-pipeline/viz-pipeline.js:0
[  127878ms] [ERROR] failed to load module for viz-pipeline TypeError: Failed to fetch dynamically imported module: http://localhost:3000/blocks/viz-pipeline/viz-pipeline.js @ http://localhost:3000/scripts/aem.js:591
[  128545ms] [ERROR] Failed to load resource: the server responded with a status of 404 (Not Found) @ http://localhost:3000/blocks/viz-office-map/viz-office-map.js:0
[  128546ms] [ERROR] failed to load module for viz-office-map TypeError: Failed to fetch dynamically imported module: http://localhost:3000/blocks/viz-office-map/viz-office-map.js @ http://localhost:3000/scripts/aem.js:591
[  128627ms] [WARNING] Scripts "build/three.js" and "build/three.min.js" are deprecated with r150+, and will be removed with r160. Please use ES Modules or alternatives: https://threejs.org/docs/index.html#manual/en/introduction/Installation @ https://cdn.jsdelivr.net/npm/three@0.155.0/build/three.min.js:0
[  128629ms] [WARNING] WARNING: Multiple instances of Three.js being imported. @ https://cdn.jsdelivr.net/npm/three@0.155.0/build/three.min.js:6
