[      95ms] [ERROR] viz-threat-map initialization failed: Event @ http://localhost:3000/blocks/viz-threat-map/viz-threat-map.js:553
[      97ms] [ERROR] Failed to load resource: the server responded with a status of 404 (Not Found) @ http://localhost:3000/blocks/viz-pipeline/viz-pipeline.js:0
[      97ms] [ERROR] failed to load module for viz-pipeline TypeError: Failed to fetch dynamically imported module: http://localhost:3000/blocks/viz-pipeline/viz-pipeline.js @ http://localhost:3000/scripts/aem.js:591
[     126ms] [WARNING] Scripts "build/three.js" and "build/three.min.js" are deprecated with r150+, and will be removed with r160. Please use ES Modules or alternatives: https://threejs.org/docs/index.html#manual/en/introduction/Installation @ https://cdn.jsdelivr.net/npm/three@0.155.0/build/three.min.js:0
[     393ms] [ERROR] Failed to load resource: the server responded with a status of 404 (Not Found) @ http://localhost:3000/blocks/viz-office-map/viz-office-map.js:0
[     399ms] [ERROR] failed to load module for viz-office-map TypeError: Failed to fetch dynamically imported module: http://localhost:3000/blocks/viz-office-map/viz-office-map.js @ http://localhost:3000/scripts/aem.js:591
[     413ms] [WARNING] Scripts "build/three.js" and "build/three.min.js" are deprecated with r150+, and will be removed with r160. Please use ES Modules or alternatives: https://threejs.org/docs/index.html#manual/en/introduction/Installation @ https://cdn.jsdelivr.net/npm/three@0.155.0/build/three.min.js:0
[     415ms] [WARNING] WARNING: Multiple instances of Three.js being imported. @ https://cdn.jsdelivr.net/npm/three@0.155.0/build/three.min.js:6
[     815ms] [ERROR] Failed to load resource: the server responded with a status of 404 (Not Found) @ http://localhost:3000/blocks/viz-secure-feed/viz-secure-feed.js:0
[     823ms] [ERROR] failed to load module for viz-secure-feed TypeError: Failed to fetch dynamically imported module: http://localhost:3000/blocks/viz-secure-feed/viz-secure-feed.js @ http://localhost:3000/scripts/aem.js:591
[     833ms] [ERROR] WebSocket connection to 'wss://stream.binance.com:9443/stream?streams=btcusdt@miniTicker/ethusdt@miniTicker/solusdt@miniTicker' failed: Error during WebSocket handshake: Unexpected response code: 451 @ http://localhost:3000/blocks/viz-crypto-pulse/viz-crypto-pulse.js:85
[     880ms] [ERROR] Failed to load resource: the server responded with a status of 429 () @ https://upload.wikimedia.org/wikipedia/commons/thumb/8/8b/Panorama_of_the_Milky_Way.jpg/2560px-Panorama_of_the_Milky_Way.jpg:0
[     880ms] [ERROR] Failed to load environment map: Event @ http://localhost:3000/blocks/m3d-mirror-sphere/m3d-mirror-sphere.js:90
[     882ms] [ERROR] Failed to load resource: the server responded with a status of 404 (Not Found) @ http://localhost:3000/blocks/m3d-photo-globe/m3d-photo-globe.js:0
[     882ms] [ERROR] failed to load module for m3d-photo-globe TypeError: Failed to fetch dynamically imported module: http://localhost:3000/blocks/m3d-photo-globe/m3d-photo-globe.js @ http://localhost:3000/scripts/aem.js:591
[   84082ms] [WARNING] Scripts "build/three.js" and "build/three.min.js" are deprecated with r150+, and will be removed with r160. Please use ES Modules or alternatives: https://threejs.org/docs/index.html#manual/en/introduction/Installation @ https://cdn.jsdelivr.net/npm/three@0.155.0/build/three.min.js:0
[   84541ms] [ERROR] Failed to load resource: the server responded with a status of 404 (Not Found) @ http://localhost:3000/blocks/viz-pipeline/viz-pipeline.js:0
[   84541ms] [ERROR] failed to load module for viz-pipeline TypeError: Failed to fetch dynamically imported module: http://localhost:3000/blocks/viz-pipeline/viz-pipeline.js @ http://localhost:3000/scripts/aem.js:591
[   85181ms] [ERROR] Failed to load resource: the server responded with a status of 404 (Not Found) @ http://localhost:3000/blocks/viz-office-map/viz-office-map.js:0
[   85181ms] [ERROR] failed to load module for viz-office-map TypeError: Failed to fetch dynamically imported module: http://localhost:3000/blocks/viz-office-map/viz-office-map.js @ http://localhost:3000/scripts/aem.js:591
[   85243ms] [WARNING] Scripts "build/three.js" and "build/three.min.js" are deprecated with r150+, and will be removed with r160. Please use ES Modules or alternatives: https://threejs.org/docs/index.html#manual/en/introduction/Installation @ https://cdn.jsdelivr.net/npm/three@0.155.0/build/three.min.js:0
[   85259ms] [WARNING] WARNING: Multiple instances of Three.js being imported. @ https://cdn.jsdelivr.net/npm/three@0.155.0/build/three.min.js:6
[   86158ms] [ERROR] Failed to load resource: the server responded with a status of 404 (Not Found) @ http://localhost:3000/blocks/viz-secure-feed/viz-secure-feed.js:0
[   86163ms] [ERROR] WebSocket connection to 'wss://stream.binance.com:9443/stream?streams=btcusdt@miniTicker/ethusdt@miniTicker/solusdt@miniTicker' failed: Error during WebSocket handshake: Unexpected response code: 451 @ http://localhost:3000/blocks/viz-crypto-pulse/viz-crypto-pulse.js:85
[   86164ms] [ERROR] failed to load module for viz-secure-feed TypeError: Failed to fetch dynamically imported module: http://localhost:3000/blocks/viz-secure-feed/viz-secure-feed.js @ http://localhost:3000/scripts/aem.js:591
[   86228ms] [ERROR] Failed to load resource: the server responded with a status of 429 () @ https://upload.wikimedia.org/wikipedia/commons/thumb/8/8b/Panorama_of_the_Milky_Way.jpg/2560px-Panorama_of_the_Milky_Way.jpg:0
[   86229ms] [ERROR] Failed to load environment map: Event @ http://localhost:3000/blocks/m3d-mirror-sphere/m3d-mirror-sphere.js:90
[   86249ms] [ERROR] Failed to load resource: the server responded with a status of 404 (Not Found) @ http://localhost:3000/blocks/m3d-photo-globe/m3d-photo-globe.js:0
[   86250ms] [ERROR] failed to load module for m3d-photo-globe TypeError: Failed to fetch dynamically imported module: http://localhost:3000/blocks/m3d-photo-globe/m3d-photo-globe.js @ http://localhost:3000/scripts/aem.js:591
[   89906ms] [WARNING] Scripts "build/three.js" and "build/three.min.js" are deprecated with r150+, and will be removed with r160. Please use ES Modules or alternatives: https://threejs.org/docs/index.html#manual/en/introduction/Installation @ https://cdn.jsdelivr.net/npm/three@0.155.0/build/three.min.js:0
[   90100ms] [ERROR] Failed to load resource: the server responded with a status of 404 (Not Found) @ http://localhost:3000/blocks/viz-pipeline/viz-pipeline.js:0
[   90123ms] [ERROR] failed to load module for viz-pipeline TypeError: Failed to fetch dynamically imported module: http://localhost:3000/blocks/viz-pipeline/viz-pipeline.js @ http://localhost:3000/scripts/aem.js:591
[   90743ms] [ERROR] Failed to load resource: the server responded with a status of 404 (Not Found) @ http://localhost:3000/blocks/viz-office-map/viz-office-map.js:0
[   90744ms] [ERROR] failed to load module for viz-office-map TypeError: Failed to fetch dynamically imported module: http://localhost:3000/blocks/viz-office-map/viz-office-map.js @ http://localhost:3000/scripts/aem.js:591
[   90775ms] [WARNING] Scripts "build/three.js" and "build/three.min.js" are deprecated with r150+, and will be removed with r160. Please use ES Modules or alternatives: https://threejs.org/docs/index.html#manual/en/introduction/Installation @ https://cdn.jsdelivr.net/npm/three@0.155.0/build/three.min.js:0
[   90778ms] [WARNING] WARNING: Multiple instances of Three.js being imported. @ https://cdn.jsdelivr.net/npm/three@0.155.0/build/three.min.js:6
[   91281ms] [ERROR] Failed to load resource: the server responded with a status of 404 (Not Found) @ http://localhost:3000/blocks/viz-secure-feed/viz-secure-feed.js:0
[   91293ms] [ERROR] failed to load module for viz-secure-feed TypeError: Failed to fetch dynamically imported module: http://localhost:3000/blocks/viz-secure-feed/viz-secure-feed.js @ http://localhost:3000/scripts/aem.js:591
[   91303ms] [ERROR] WebSocket connection to 'wss://stream.binance.com:9443/stream?streams=btcusdt@miniTicker/ethusdt@miniTicker/solusdt@miniTicker' failed: Error during WebSocket handshake: Unexpected response code: 451 @ http://localhost:3000/blocks/viz-crypto-pulse/viz-crypto-pulse.js:85
[   91550ms] [ERROR] Failed to load resource: the server responded with a status of 404 () @ https://dl.polyhaven.org/file/ph-assets/HDRIs/jpg/1k/rural_asphalt_road_1k.jpg:0
[   91551ms] [ERROR] Failed to load environment map: Event @ http://localhost:3000/blocks/m3d-mirror-sphere/m3d-mirror-sphere.js:90
[   91562ms] [ERROR] Failed to load resource: the server responded with a status of 404 (Not Found) @ http://localhost:3000/blocks/m3d-photo-globe/m3d-photo-globe.js:0
[   91562ms] [ERROR] failed to load module for m3d-photo-globe TypeError: Failed to fetch dynamically imported module: http://localhost:3000/blocks/m3d-photo-globe/m3d-photo-globe.js @ http://localhost:3000/scripts/aem.js:591
[  100575ms] [WARNING] Scripts "build/three.js" and "build/three.min.js" are deprecated with r150+, and will be removed with r160. Please use ES Modules or alternatives: https://threejs.org/docs/index.html#manual/en/introduction/Installation @ https://cdn.jsdelivr.net/npm/three@0.155.0/build/three.min.js:0
[  100747ms] [ERROR] Failed to load resource: the server responded with a status of 404 (Not Found) @ http://localhost:3000/blocks/viz-pipeline/viz-pipeline.js:0
[  100771ms] [ERROR] failed to load module for viz-pipeline TypeError: Failed to fetch dynamically imported module: http://localhost:3000/blocks/viz-pipeline/viz-pipeline.js @ http://localhost:3000/scripts/aem.js:591
[  101124ms] [ERROR] Failed to load resource: the server responded with a status of 404 (Not Found) @ http://localhost:3000/blocks/viz-office-map/viz-office-map.js:0
[  101127ms] [ERROR] failed to load module for viz-office-map TypeError: Failed to fetch dynamically imported module: http://localhost:3000/blocks/viz-office-map/viz-office-map.js @ http://localhost:3000/scripts/aem.js:591
[  101204ms] [WARNING] Scripts "build/three.js" and "build/three.min.js" are deprecated with r150+, and will be removed with r160. Please use ES Modules or alternatives: https://threejs.org/docs/index.html#manual/en/introduction/Installation @ https://cdn.jsdelivr.net/npm/three@0.155.0/build/three.min.js:0
[  101207ms] [WARNING] WARNING: Multiple instances of Three.js being imported. @ https://cdn.jsdelivr.net/npm/three@0.155.0/build/three.min.js:6
[  101666ms] [ERROR] Failed to load resource: the server responded with a status of 404 (Not Found) @ http://localhost:3000/blocks/viz-secure-feed/viz-secure-feed.js:0
[  101678ms] [ERROR] failed to load module for viz-secure-feed TypeError: Failed to fetch dynamically imported module: http://localhost:3000/blocks/viz-secure-feed/viz-secure-feed.js @ http://localhost:3000/scripts/aem.js:591
[  101689ms] [ERROR] WebSocket connection to 'wss://stream.binance.com:9443/stream?streams=btcusdt@miniTicker/ethusdt@miniTicker/solusdt@miniTicker' failed: Error during WebSocket handshake: Unexpected response code: 451 @ http://localhost:3000/blocks/viz-crypto-pulse/viz-crypto-pulse.js:85
