[     208ms] [WARNING] Scripts "build/three.js" and "build/three.min.js" are deprecated with r150+, and will be removed with r160. Please use ES Modules or alternatives: https://threejs.org/docs/index.html#manual/en/introduction/Installation @ https://cdn.jsdelivr.net/npm/three@0.155.0/build/three.min.js:0
[    2611ms] [ERROR] WebSocket connection to 'wss://stream.binance.com:9443/stream?streams=btcusdt@miniTicker/ethusdt@miniTicker/solusdt@miniTicker' failed: Error during WebSocket handshake: Unexpected response code: 451 @ http://localhost:3000/blocks/viz-crypto-pulse/viz-crypto-pulse.js:85
[    2636ms] [ERROR] Access to fetch at 'https://api.coingecko.com/api/v3/simple/price?ids=btc,eth,sol&vs_currencies=usd&include_market_cap=false&include_24hr_vol=false&include_24hr_change=true' from origin 'http://localhost:3000' has been blocked by CORS policy: No 'Access-Control-Allow-Origin' header is present on the requested resource. @ http://localhost:3000/demo/viz-demo:0
[    2636ms] [ERROR] Failed to load resource: net::ERR_FAILED @ https://api.coingecko.com/api/v3/simple/price?ids=btc,eth,sol&vs_currencies=usd&include_market_cap=false&include_24hr_vol=false&include_24hr_change=true:0
[    2636ms] [ERROR] REST fetch error: TypeError: Failed to fetch
    at fetchPrices (http://localhost:3000/blocks/viz-crypto-pulse/viz-crypto-pulse.js:121:27)
    at CryptoPulse.startRESTFallback (http://localhost:3000/blocks/viz-crypto-pulse/viz-crypto-pulse.js:161:5)
    at ws.onerror (http://localhost:3000/blocks/viz-crypto-pulse/viz-crypto-pulse.js:102:14) @ http://localhost:3000/blocks/viz-crypto-pulse/viz-crypto-pulse.js:139
[  214426ms] [WARNING] Scripts "build/three.js" and "build/three.min.js" are deprecated with r150+, and will be removed with r160. Please use ES Modules or alternatives: https://threejs.org/docs/index.html#manual/en/introduction/Installation @ https://cdn.jsdelivr.net/npm/three@0.155.0/build/three.min.js:0
[  216537ms] [ERROR] WebSocket connection to 'wss://stream.binance.com:9443/stream?streams=btcusdt@miniTicker/ethusdt@miniTicker/solusdt@miniTicker' failed: Error during WebSocket handshake: Unexpected response code: 451 @ http://localhost:3000/blocks/viz-crypto-pulse/viz-crypto-pulse.js:85
[  216558ms] [ERROR] Access to fetch at 'https://api.coingecko.com/api/v3/simple/price?ids=btc,eth,sol&vs_currencies=usd&include_market_cap=false&include_24hr_vol=false&include_24hr_change=true' from origin 'http://localhost:3000' has been blocked by CORS policy: No 'Access-Control-Allow-Origin' header is present on the requested resource. @ http://localhost:3000/demo/viz-demo:0
[  216558ms] [ERROR] Failed to load resource: net::ERR_FAILED @ https://api.coingecko.com/api/v3/simple/price?ids=btc,eth,sol&vs_currencies=usd&include_market_cap=false&include_24hr_vol=false&include_24hr_change=true:0
[  216558ms] [ERROR] REST fetch error: TypeError: Failed to fetch
    at fetchPrices (http://localhost:3000/blocks/viz-crypto-pulse/viz-crypto-pulse.js:121:27)
    at CryptoPulse.startRESTFallback (http://localhost:3000/blocks/viz-crypto-pulse/viz-crypto-pulse.js:161:5)
    at ws.onerror (http://localhost:3000/blocks/viz-crypto-pulse/viz-crypto-pulse.js:102:14) @ http://localhost:3000/blocks/viz-crypto-pulse/viz-crypto-pulse.js:139
[  231556ms] [ERROR] Access to fetch at 'https://api.coingecko.com/api/v3/simple/price?ids=btc,eth,sol&vs_currencies=usd&include_market_cap=false&include_24hr_vol=false&include_24hr_change=true' from origin 'http://localhost:3000' has been blocked by CORS policy: No 'Access-Control-Allow-Origin' header is present on the requested resource. @ http://localhost:3000/demo/viz-demo:0
[  231556ms] [ERROR] Failed to load resource: net::ERR_FAILED @ https://api.coingecko.com/api/v3/simple/price?ids=btc,eth,sol&vs_currencies=usd&include_market_cap=false&include_24hr_vol=false&include_24hr_change=true:0
[  231556ms] [ERROR] REST fetch error: TypeError: Failed to fetch
    at fetchPrices (http://localhost:3000/blocks/viz-crypto-pulse/viz-crypto-pulse.js:121:27) @ http://localhost:3000/blocks/viz-crypto-pulse/viz-crypto-pulse.js:139
[  246568ms] [ERROR] Access to fetch at 'https://api.coingecko.com/api/v3/simple/price?ids=btc,eth,sol&vs_currencies=usd&include_market_cap=false&include_24hr_vol=false&include_24hr_change=true' from origin 'http://localhost:3000' has been blocked by CORS policy: No 'Access-Control-Allow-Origin' header is present on the requested resource. @ http://localhost:3000/demo/viz-demo:0
[  246568ms] [ERROR] Failed to load resource: net::ERR_FAILED @ https://api.coingecko.com/api/v3/simple/price?ids=btc,eth,sol&vs_currencies=usd&include_market_cap=false&include_24hr_vol=false&include_24hr_change=true:0
[  246568ms] [ERROR] REST fetch error: TypeError: Failed to fetch
    at fetchPrices (http://localhost:3000/blocks/viz-crypto-pulse/viz-crypto-pulse.js:121:27) @ http://localhost:3000/blocks/viz-crypto-pulse/viz-crypto-pulse.js:139
[  261561ms] [ERROR] Access to fetch at 'https://api.coingecko.com/api/v3/simple/price?ids=btc,eth,sol&vs_currencies=usd&include_market_cap=false&include_24hr_vol=false&include_24hr_change=true' from origin 'http://localhost:3000' has been blocked by CORS policy: No 'Access-Control-Allow-Origin' header is present on the requested resource. @ http://localhost:3000/demo/viz-demo:0
[  261561ms] [ERROR] Failed to load resource: net::ERR_FAILED @ https://api.coingecko.com/api/v3/simple/price?ids=btc,eth,sol&vs_currencies=usd&include_market_cap=false&include_24hr_vol=false&include_24hr_change=true:0
[  261561ms] [ERROR] REST fetch error: TypeError: Failed to fetch
    at fetchPrices (http://localhost:3000/blocks/viz-crypto-pulse/viz-crypto-pulse.js:121:27) @ http://localhost:3000/blocks/viz-crypto-pulse/viz-crypto-pulse.js:139
[  276558ms] [ERROR] Access to fetch at 'https://api.coingecko.com/api/v3/simple/price?ids=btc,eth,sol&vs_currencies=usd&include_market_cap=false&include_24hr_vol=false&include_24hr_change=true' from origin 'http://localhost:3000' has been blocked by CORS policy: No 'Access-Control-Allow-Origin' header is present on the requested resource. @ http://localhost:3000/demo/viz-demo:0
[  276558ms] [ERROR] Failed to load resource: net::ERR_FAILED @ https://api.coingecko.com/api/v3/simple/price?ids=btc,eth,sol&vs_currencies=usd&include_market_cap=false&include_24hr_vol=false&include_24hr_change=true:0
[  276558ms] [ERROR] REST fetch error: TypeError: Failed to fetch
    at fetchPrices (http://localhost:3000/blocks/viz-crypto-pulse/viz-crypto-pulse.js:121:27) @ http://localhost:3000/blocks/viz-crypto-pulse/viz-crypto-pulse.js:139
[  366558ms] [ERROR] Access to fetch at 'https://api.coingecko.com/api/v3/simple/price?ids=btc,eth,sol&vs_currencies=usd&include_market_cap=false&include_24hr_vol=false&include_24hr_change=true' from origin 'http://localhost:3000' has been blocked by CORS policy: No 'Access-Control-Allow-Origin' header is present on the requested resource. @ http://localhost:3000/demo/viz-demo:0
[  366558ms] [ERROR] Failed to load resource: net::ERR_FAILED @ https://api.coingecko.com/api/v3/simple/price?ids=btc,eth,sol&vs_currencies=usd&include_market_cap=false&include_24hr_vol=false&include_24hr_change=true:0
[  366558ms] [ERROR] REST fetch error: TypeError: Failed to fetch
    at fetchPrices (http://localhost:3000/blocks/viz-crypto-pulse/viz-crypto-pulse.js:121:27) @ http://localhost:3000/blocks/viz-crypto-pulse/viz-crypto-pulse.js:139
[  381562ms] [ERROR] Access to fetch at 'https://api.coingecko.com/api/v3/simple/price?ids=btc,eth,sol&vs_currencies=usd&include_market_cap=false&include_24hr_vol=false&include_24hr_change=true' from origin 'http://localhost:3000' has been blocked by CORS policy: No 'Access-Control-Allow-Origin' header is present on the requested resource. @ http://localhost:3000/demo/viz-demo:0
[  381562ms] [ERROR] Failed to load resource: net::ERR_FAILED @ https://api.coingecko.com/api/v3/simple/price?ids=btc,eth,sol&vs_currencies=usd&include_market_cap=false&include_24hr_vol=false&include_24hr_change=true:0
[  381562ms] [ERROR] REST fetch error: TypeError: Failed to fetch
    at fetchPrices (http://localhost:3000/blocks/viz-crypto-pulse/viz-crypto-pulse.js:121:27) @ http://localhost:3000/blocks/viz-crypto-pulse/viz-crypto-pulse.js:139
[  396556ms] [ERROR] Access to fetch at 'https://api.coingecko.com/api/v3/simple/price?ids=btc,eth,sol&vs_currencies=usd&include_market_cap=false&include_24hr_vol=false&include_24hr_change=true' from origin 'http://localhost:3000' has been blocked by CORS policy: No 'Access-Control-Allow-Origin' header is present on the requested resource. @ http://localhost:3000/demo/viz-demo:0
[  396556ms] [ERROR] Failed to load resource: net::ERR_FAILED @ https://api.coingecko.com/api/v3/simple/price?ids=btc,eth,sol&vs_currencies=usd&include_market_cap=false&include_24hr_vol=false&include_24hr_change=true:0
[  396556ms] [ERROR] REST fetch error: TypeError: Failed to fetch
    at fetchPrices (http://localhost:3000/blocks/viz-crypto-pulse/viz-crypto-pulse.js:121:27) @ http://localhost:3000/blocks/viz-crypto-pulse/viz-crypto-pulse.js:139
[  411557ms] [ERROR] Access to fetch at 'https://api.coingecko.com/api/v3/simple/price?ids=btc,eth,sol&vs_currencies=usd&include_market_cap=false&include_24hr_vol=false&include_24hr_change=true' from origin 'http://localhost:3000' has been blocked by CORS policy: No 'Access-Control-Allow-Origin' header is present on the requested resource. @ http://localhost:3000/demo/viz-demo:0
[  411557ms] [ERROR] Failed to load resource: net::ERR_FAILED @ https://api.coingecko.com/api/v3/simple/price?ids=btc,eth,sol&vs_currencies=usd&include_market_cap=false&include_24hr_vol=false&include_24hr_change=true:0
[  411557ms] [ERROR] REST fetch error: TypeError: Failed to fetch
    at fetchPrices (http://localhost:3000/blocks/viz-crypto-pulse/viz-crypto-pulse.js:121:27) @ http://localhost:3000/blocks/viz-crypto-pulse/viz-crypto-pulse.js:139
[  426557ms] [ERROR] Access to fetch at 'https://api.coingecko.com/api/v3/simple/price?ids=btc,eth,sol&vs_currencies=usd&include_market_cap=false&include_24hr_vol=false&include_24hr_change=true' from origin 'http://localhost:3000' has been blocked by CORS policy: No 'Access-Control-Allow-Origin' header is present on the requested resource. @ http://localhost:3000/demo/viz-demo:0
[  426558ms] [ERROR] Failed to load resource: net::ERR_FAILED @ https://api.coingecko.com/api/v3/simple/price?ids=btc,eth,sol&vs_currencies=usd&include_market_cap=false&include_24hr_vol=false&include_24hr_change=true:0
[  426558ms] [ERROR] REST fetch error: TypeError: Failed to fetch
    at fetchPrices (http://localhost:3000/blocks/viz-crypto-pulse/viz-crypto-pulse.js:121:27) @ http://localhost:3000/blocks/viz-crypto-pulse/viz-crypto-pulse.js:139
[  516589ms] [ERROR] Access to fetch at 'https://api.coingecko.com/api/v3/simple/price?ids=btc,eth,sol&vs_currencies=usd&include_market_cap=false&include_24hr_vol=false&include_24hr_change=true' from origin 'http://localhost:3000' has been blocked by CORS policy: No 'Access-Control-Allow-Origin' header is present on the requested resource. @ http://localhost:3000/demo/viz-demo:0
[  516590ms] [ERROR] Failed to load resource: net::ERR_FAILED @ https://api.coingecko.com/api/v3/simple/price?ids=btc,eth,sol&vs_currencies=usd&include_market_cap=false&include_24hr_vol=false&include_24hr_change=true:0
[  516590ms] [ERROR] REST fetch error: TypeError: Failed to fetch
    at fetchPrices (http://localhost:3000/blocks/viz-crypto-pulse/viz-crypto-pulse.js:121:27) @ http://localhost:3000/blocks/viz-crypto-pulse/viz-crypto-pulse.js:139
[  531578ms] [ERROR] Access to fetch at 'https://api.coingecko.com/api/v3/simple/price?ids=btc,eth,sol&vs_currencies=usd&include_market_cap=false&include_24hr_vol=false&include_24hr_change=true' from origin 'http://localhost:3000' has been blocked by CORS policy: No 'Access-Control-Allow-Origin' header is present on the requested resource. @ http://localhost:3000/demo/viz-demo:0
[  531578ms] [ERROR] Failed to load resource: net::ERR_FAILED @ https://api.coingecko.com/api/v3/simple/price?ids=btc,eth,sol&vs_currencies=usd&include_market_cap=false&include_24hr_vol=false&include_24hr_change=true:0
[  531578ms] [ERROR] REST fetch error: TypeError: Failed to fetch
    at fetchPrices (http://localhost:3000/blocks/viz-crypto-pulse/viz-crypto-pulse.js:121:27) @ http://localhost:3000/blocks/viz-crypto-pulse/viz-crypto-pulse.js:139
[  546576ms] [ERROR] Access to fetch at 'https://api.coingecko.com/api/v3/simple/price?ids=btc,eth,sol&vs_currencies=usd&include_market_cap=false&include_24hr_vol=false&include_24hr_change=true' from origin 'http://localhost:3000' has been blocked by CORS policy: No 'Access-Control-Allow-Origin' header is present on the requested resource. @ http://localhost:3000/demo/viz-demo:0
[  546576ms] [ERROR] Failed to load resource: net::ERR_FAILED @ https://api.coingecko.com/api/v3/simple/price?ids=btc,eth,sol&vs_currencies=usd&include_market_cap=false&include_24hr_vol=false&include_24hr_change=true:0
[  546576ms] [ERROR] REST fetch error: TypeError: Failed to fetch
    at fetchPrices (http://localhost:3000/blocks/viz-crypto-pulse/viz-crypto-pulse.js:121:27) @ http://localhost:3000/blocks/viz-crypto-pulse/viz-crypto-pulse.js:139
[  561578ms] [ERROR] Access to fetch at 'https://api.coingecko.com/api/v3/simple/price?ids=btc,eth,sol&vs_currencies=usd&include_market_cap=false&include_24hr_vol=false&include_24hr_change=true' from origin 'http://localhost:3000' has been blocked by CORS policy: No 'Access-Control-Allow-Origin' header is present on the requested resource. @ http://localhost:3000/demo/viz-demo:0
[  561579ms] [ERROR] Failed to load resource: net::ERR_FAILED @ https://api.coingecko.com/api/v3/simple/price?ids=btc,eth,sol&vs_currencies=usd&include_market_cap=false&include_24hr_vol=false&include_24hr_change=true:0
[  561579ms] [ERROR] REST fetch error: TypeError: Failed to fetch
    at fetchPrices (http://localhost:3000/blocks/viz-crypto-pulse/viz-crypto-pulse.js:121:27) @ http://localhost:3000/blocks/viz-crypto-pulse/viz-crypto-pulse.js:139
[  576593ms] [ERROR] Access to fetch at 'https://api.coingecko.com/api/v3/simple/price?ids=btc,eth,sol&vs_currencies=usd&include_market_cap=false&include_24hr_vol=false&include_24hr_change=true' from origin 'http://localhost:3000' has been blocked by CORS policy: No 'Access-Control-Allow-Origin' header is present on the requested resource. @ http://localhost:3000/demo/viz-demo:0
[  576593ms] [ERROR] Failed to load resource: net::ERR_FAILED @ https://api.coingecko.com/api/v3/simple/price?ids=btc,eth,sol&vs_currencies=usd&include_market_cap=false&include_24hr_vol=false&include_24hr_change=true:0
[  576593ms] [ERROR] REST fetch error: TypeError: Failed to fetch
    at fetchPrices (http://localhost:3000/blocks/viz-crypto-pulse/viz-crypto-pulse.js:121:27) @ http://localhost:3000/blocks/viz-crypto-pulse/viz-crypto-pulse.js:139
[  666594ms] [ERROR] Access to fetch at 'https://api.coingecko.com/api/v3/simple/price?ids=btc,eth,sol&vs_currencies=usd&include_market_cap=false&include_24hr_vol=false&include_24hr_change=true' from origin 'http://localhost:3000' has been blocked by CORS policy: No 'Access-Control-Allow-Origin' header is present on the requested resource. @ http://localhost:3000/demo/viz-demo:0
[  666594ms] [ERROR] Failed to load resource: net::ERR_FAILED @ https://api.coingecko.com/api/v3/simple/price?ids=btc,eth,sol&vs_currencies=usd&include_market_cap=false&include_24hr_vol=false&include_24hr_change=true:0
[  666594ms] [ERROR] REST fetch error: TypeError: Failed to fetch
    at fetchPrices (http://localhost:3000/blocks/viz-crypto-pulse/viz-crypto-pulse.js:121:27) @ http://localhost:3000/blocks/viz-crypto-pulse/viz-crypto-pulse.js:139
[  681594ms] [ERROR] Access to fetch at 'https://api.coingecko.com/api/v3/simple/price?ids=btc,eth,sol&vs_currencies=usd&include_market_cap=false&include_24hr_vol=false&include_24hr_change=true' from origin 'http://localhost:3000' has been blocked by CORS policy: No 'Access-Control-Allow-Origin' header is present on the requested resource. @ http://localhost:3000/demo/viz-demo:0
[  681595ms] [ERROR] Failed to load resource: net::ERR_FAILED @ https://api.coingecko.com/api/v3/simple/price?ids=btc,eth,sol&vs_currencies=usd&include_market_cap=false&include_24hr_vol=false&include_24hr_change=true:0
[  681595ms] [ERROR] REST fetch error: TypeError: Failed to fetch
    at fetchPrices (http://localhost:3000/blocks/viz-crypto-pulse/viz-crypto-pulse.js:121:27) @ http://localhost:3000/blocks/viz-crypto-pulse/viz-crypto-pulse.js:139
[  696610ms] [ERROR] Access to fetch at 'https://api.coingecko.com/api/v3/simple/price?ids=btc,eth,sol&vs_currencies=usd&include_market_cap=false&include_24hr_vol=false&include_24hr_change=true' from origin 'http://localhost:3000' has been blocked by CORS policy: No 'Access-Control-Allow-Origin' header is present on the requested resource. @ http://localhost:3000/demo/viz-demo:0
[  696610ms] [ERROR] Failed to load resource: net::ERR_FAILED @ https://api.coingecko.com/api/v3/simple/price?ids=btc,eth,sol&vs_currencies=usd&include_market_cap=false&include_24hr_vol=false&include_24hr_change=true:0
[  696611ms] [ERROR] REST fetch error: TypeError: Failed to fetch
    at fetchPrices (http://localhost:3000/blocks/viz-crypto-pulse/viz-crypto-pulse.js:121:27) @ http://localhost:3000/blocks/viz-crypto-pulse/viz-crypto-pulse.js:139
[  711664ms] [ERROR] Access to fetch at 'https://api.coingecko.com/api/v3/simple/price?ids=btc,eth,sol&vs_currencies=usd&include_market_cap=false&include_24hr_vol=false&include_24hr_change=true' from origin 'http://localhost:3000' has been blocked by CORS policy: No 'Access-Control-Allow-Origin' header is present on the requested resource. @ http://localhost:3000/demo/viz-demo:0
[  711664ms] [ERROR] Failed to load resource: net::ERR_FAILED @ https://api.coingecko.com/api/v3/simple/price?ids=btc,eth,sol&vs_currencies=usd&include_market_cap=false&include_24hr_vol=false&include_24hr_change=true:0
[  711665ms] [ERROR] REST fetch error: TypeError: Failed to fetch
    at fetchPrices (http://localhost:3000/blocks/viz-crypto-pulse/viz-crypto-pulse.js:121:27) @ http://localhost:3000/blocks/viz-crypto-pulse/viz-crypto-pulse.js:139
[  726593ms] [ERROR] Access to fetch at 'https://api.coingecko.com/api/v3/simple/price?ids=btc,eth,sol&vs_currencies=usd&include_market_cap=false&include_24hr_vol=false&include_24hr_change=true' from origin 'http://localhost:3000' has been blocked by CORS policy: No 'Access-Control-Allow-Origin' header is present on the requested resource. @ http://localhost:3000/demo/viz-demo:0
[  726593ms] [ERROR] Failed to load resource: net::ERR_FAILED @ https://api.coingecko.com/api/v3/simple/price?ids=btc,eth,sol&vs_currencies=usd&include_market_cap=false&include_24hr_vol=false&include_24hr_change=true:0
[  726593ms] [ERROR] REST fetch error: TypeError: Failed to fetch
    at fetchPrices (http://localhost:3000/blocks/viz-crypto-pulse/viz-crypto-pulse.js:121:27) @ http://localhost:3000/blocks/viz-crypto-pulse/viz-crypto-pulse.js:139
[  816596ms] [ERROR] Access to fetch at 'https://api.coingecko.com/api/v3/simple/price?ids=btc,eth,sol&vs_currencies=usd&include_market_cap=false&include_24hr_vol=false&include_24hr_change=true' from origin 'http://localhost:3000' has been blocked by CORS policy: No 'Access-Control-Allow-Origin' header is present on the requested resource. @ http://localhost:3000/demo/viz-demo:0
[  816596ms] [ERROR] Failed to load resource: net::ERR_FAILED @ https://api.coingecko.com/api/v3/simple/price?ids=btc,eth,sol&vs_currencies=usd&include_market_cap=false&include_24hr_vol=false&include_24hr_change=true:0
[  816596ms] [ERROR] REST fetch error: TypeError: Failed to fetch
    at fetchPrices (http://localhost:3000/blocks/viz-crypto-pulse/viz-crypto-pulse.js:121:27) @ http://localhost:3000/blocks/viz-crypto-pulse/viz-crypto-pulse.js:139
[  831611ms] [ERROR] Access to fetch at 'https://api.coingecko.com/api/v3/simple/price?ids=btc,eth,sol&vs_currencies=usd&include_market_cap=false&include_24hr_vol=false&include_24hr_change=true' from origin 'http://localhost:3000' has been blocked by CORS policy: No 'Access-Control-Allow-Origin' header is present on the requested resource. @ http://localhost:3000/demo/viz-demo:0
[  831611ms] [ERROR] Failed to load resource: net::ERR_FAILED @ https://api.coingecko.com/api/v3/simple/price?ids=btc,eth,sol&vs_currencies=usd&include_market_cap=false&include_24hr_vol=false&include_24hr_change=true:0
[  831611ms] [ERROR] REST fetch error: TypeError: Failed to fetch
    at fetchPrices (http://localhost:3000/blocks/viz-crypto-pulse/viz-crypto-pulse.js:121:27) @ http://localhost:3000/blocks/viz-crypto-pulse/viz-crypto-pulse.js:139
[  846595ms] [ERROR] Access to fetch at 'https://api.coingecko.com/api/v3/simple/price?ids=btc,eth,sol&vs_currencies=usd&include_market_cap=false&include_24hr_vol=false&include_24hr_change=true' from origin 'http://localhost:3000' has been blocked by CORS policy: No 'Access-Control-Allow-Origin' header is present on the requested resource. @ http://localhost:3000/demo/viz-demo:0
[  846595ms] [ERROR] Failed to load resource: net::ERR_FAILED @ https://api.coingecko.com/api/v3/simple/price?ids=btc,eth,sol&vs_currencies=usd&include_market_cap=false&include_24hr_vol=false&include_24hr_change=true:0
[  846595ms] [ERROR] REST fetch error: TypeError: Failed to fetch
    at fetchPrices (http://localhost:3000/blocks/viz-crypto-pulse/viz-crypto-pulse.js:121:27) @ http://localhost:3000/blocks/viz-crypto-pulse/viz-crypto-pulse.js:139
[  861598ms] [ERROR] Access to fetch at 'https://api.coingecko.com/api/v3/simple/price?ids=btc,eth,sol&vs_currencies=usd&include_market_cap=false&include_24hr_vol=false&include_24hr_change=true' from origin 'http://localhost:3000' has been blocked by CORS policy: No 'Access-Control-Allow-Origin' header is present on the requested resource. @ http://localhost:3000/demo/viz-demo:0
[  861598ms] [ERROR] Failed to load resource: net::ERR_FAILED @ https://api.coingecko.com/api/v3/simple/price?ids=btc,eth,sol&vs_currencies=usd&include_market_cap=false&include_24hr_vol=false&include_24hr_change=true:0
[  861598ms] [ERROR] REST fetch error: TypeError: Failed to fetch
    at fetchPrices (http://localhost:3000/blocks/viz-crypto-pulse/viz-crypto-pulse.js:121:27) @ http://localhost:3000/blocks/viz-crypto-pulse/viz-crypto-pulse.js:139
[  876600ms] [ERROR] Access to fetch at 'https://api.coingecko.com/api/v3/simple/price?ids=btc,eth,sol&vs_currencies=usd&include_market_cap=false&include_24hr_vol=false&include_24hr_change=true' from origin 'http://localhost:3000' has been blocked by CORS policy: No 'Access-Control-Allow-Origin' header is present on the requested resource. @ http://localhost:3000/demo/viz-demo:0
[  876600ms] [ERROR] Failed to load resource: net::ERR_FAILED @ https://api.coingecko.com/api/v3/simple/price?ids=btc,eth,sol&vs_currencies=usd&include_market_cap=false&include_24hr_vol=false&include_24hr_change=true:0
[  876601ms] [ERROR] REST fetch error: TypeError: Failed to fetch
    at fetchPrices (http://localhost:3000/blocks/viz-crypto-pulse/viz-crypto-pulse.js:121:27) @ http://localhost:3000/blocks/viz-crypto-pulse/viz-crypto-pulse.js:139
[ 1266596ms] [ERROR] Access to fetch at 'https://api.coingecko.com/api/v3/simple/price?ids=btc,eth,sol&vs_currencies=usd&include_market_cap=false&include_24hr_vol=false&include_24hr_change=true' from origin 'http://localhost:3000' has been blocked by CORS policy: No 'Access-Control-Allow-Origin' header is present on the requested resource. @ http://localhost:3000/demo/viz-demo:0
[ 1266596ms] [ERROR] Failed to load resource: net::ERR_FAILED @ https://api.coingecko.com/api/v3/simple/price?ids=btc,eth,sol&vs_currencies=usd&include_market_cap=false&include_24hr_vol=false&include_24hr_change=true:0
[ 1266596ms] [ERROR] REST fetch error: TypeError: Failed to fetch
    at fetchPrices (http://localhost:3000/blocks/viz-crypto-pulse/viz-crypto-pulse.js:121:27) @ http://localhost:3000/blocks/viz-crypto-pulse/viz-crypto-pulse.js:139
[ 1281599ms] [ERROR] Access to fetch at 'https://api.coingecko.com/api/v3/simple/price?ids=btc,eth,sol&vs_currencies=usd&include_market_cap=false&include_24hr_vol=false&include_24hr_change=true' from origin 'http://localhost:3000' has been blocked by CORS policy: No 'Access-Control-Allow-Origin' header is present on the requested resource. @ http://localhost:3000/demo/viz-demo:0
[ 1281599ms] [ERROR] Failed to load resource: net::ERR_FAILED @ https://api.coingecko.com/api/v3/simple/price?ids=btc,eth,sol&vs_currencies=usd&include_market_cap=false&include_24hr_vol=false&include_24hr_change=true:0
[ 1281600ms] [ERROR] REST fetch error: TypeError: Failed to fetch
    at fetchPrices (http://localhost:3000/blocks/viz-crypto-pulse/viz-crypto-pulse.js:121:27) @ http://localhost:3000/blocks/viz-crypto-pulse/viz-crypto-pulse.js:139
[ 1296593ms] [ERROR] Access to fetch at 'https://api.coingecko.com/api/v3/simple/price?ids=btc,eth,sol&vs_currencies=usd&include_market_cap=false&include_24hr_vol=false&include_24hr_change=true' from origin 'http://localhost:3000' has been blocked by CORS policy: No 'Access-Control-Allow-Origin' header is present on the requested resource. @ http://localhost:3000/demo/viz-demo:0
[ 1296593ms] [ERROR] Failed to load resource: net::ERR_FAILED @ https://api.coingecko.com/api/v3/simple/price?ids=btc,eth,sol&vs_currencies=usd&include_market_cap=false&include_24hr_vol=false&include_24hr_change=true:0
[ 1296593ms] [ERROR] REST fetch error: TypeError: Failed to fetch
    at fetchPrices (http://localhost:3000/blocks/viz-crypto-pulse/viz-crypto-pulse.js:121:27) @ http://localhost:3000/blocks/viz-crypto-pulse/viz-crypto-pulse.js:139
[ 1311598ms] [ERROR] Access to fetch at 'https://api.coingecko.com/api/v3/simple/price?ids=btc,eth,sol&vs_currencies=usd&include_market_cap=false&include_24hr_vol=false&include_24hr_change=true' from origin 'http://localhost:3000' has been blocked by CORS policy: No 'Access-Control-Allow-Origin' header is present on the requested resource. @ http://localhost:3000/demo/viz-demo:0
[ 1311598ms] [ERROR] Failed to load resource: net::ERR_FAILED @ https://api.coingecko.com/api/v3/simple/price?ids=btc,eth,sol&vs_currencies=usd&include_market_cap=false&include_24hr_vol=false&include_24hr_change=true:0
[ 1311598ms] [ERROR] REST fetch error: TypeError: Failed to fetch
    at fetchPrices (http://localhost:3000/blocks/viz-crypto-pulse/viz-crypto-pulse.js:121:27) @ http://localhost:3000/blocks/viz-crypto-pulse/viz-crypto-pulse.js:139
[ 1326595ms] [ERROR] Access to fetch at 'https://api.coingecko.com/api/v3/simple/price?ids=btc,eth,sol&vs_currencies=usd&include_market_cap=false&include_24hr_vol=false&include_24hr_change=true' from origin 'http://localhost:3000' has been blocked by CORS policy: No 'Access-Control-Allow-Origin' header is present on the requested resource. @ http://localhost:3000/demo/viz-demo:0
[ 1326595ms] [ERROR] Failed to load resource: net::ERR_FAILED @ https://api.coingecko.com/api/v3/simple/price?ids=btc,eth,sol&vs_currencies=usd&include_market_cap=false&include_24hr_vol=false&include_24hr_change=true:0
[ 1326595ms] [ERROR] REST fetch error: TypeError: Failed to fetch
    at fetchPrices (http://localhost:3000/blocks/viz-crypto-pulse/viz-crypto-pulse.js:121:27) @ http://localhost:3000/blocks/viz-crypto-pulse/viz-crypto-pulse.js:139
[ 1416594ms] [ERROR] Access to fetch at 'https://api.coingecko.com/api/v3/simple/price?ids=btc,eth,sol&vs_currencies=usd&include_market_cap=false&include_24hr_vol=false&include_24hr_change=true' from origin 'http://localhost:3000' has been blocked by CORS policy: No 'Access-Control-Allow-Origin' header is present on the requested resource. @ http://localhost:3000/demo/viz-demo:0
[ 1416594ms] [ERROR] Failed to load resource: net::ERR_FAILED @ https://api.coingecko.com/api/v3/simple/price?ids=btc,eth,sol&vs_currencies=usd&include_market_cap=false&include_24hr_vol=false&include_24hr_change=true:0
[ 1416594ms] [ERROR] REST fetch error: TypeError: Failed to fetch
    at fetchPrices (http://localhost:3000/blocks/viz-crypto-pulse/viz-crypto-pulse.js:121:27) @ http://localhost:3000/blocks/viz-crypto-pulse/viz-crypto-pulse.js:139
[ 1431600ms] [ERROR] Access to fetch at 'https://api.coingecko.com/api/v3/simple/price?ids=btc,eth,sol&vs_currencies=usd&include_market_cap=false&include_24hr_vol=false&include_24hr_change=true' from origin 'http://localhost:3000' has been blocked by CORS policy: No 'Access-Control-Allow-Origin' header is present on the requested resource. @ http://localhost:3000/demo/viz-demo:0
[ 1431600ms] [ERROR] Failed to load resource: net::ERR_FAILED @ https://api.coingecko.com/api/v3/simple/price?ids=btc,eth,sol&vs_currencies=usd&include_market_cap=false&include_24hr_vol=false&include_24hr_change=true:0
[ 1431600ms] [ERROR] REST fetch error: TypeError: Failed to fetch
    at fetchPrices (http://localhost:3000/blocks/viz-crypto-pulse/viz-crypto-pulse.js:121:27) @ http://localhost:3000/blocks/viz-crypto-pulse/viz-crypto-pulse.js:139
[ 1446594ms] [ERROR] Access to fetch at 'https://api.coingecko.com/api/v3/simple/price?ids=btc,eth,sol&vs_currencies=usd&include_market_cap=false&include_24hr_vol=false&include_24hr_change=true' from origin 'http://localhost:3000' has been blocked by CORS policy: No 'Access-Control-Allow-Origin' header is present on the requested resource. @ http://localhost:3000/demo/viz-demo:0
[ 1446594ms] [ERROR] Failed to load resource: net::ERR_FAILED @ https://api.coingecko.com/api/v3/simple/price?ids=btc,eth,sol&vs_currencies=usd&include_market_cap=false&include_24hr_vol=false&include_24hr_change=true:0
[ 1446594ms] [ERROR] REST fetch error: TypeError: Failed to fetch
    at fetchPrices (http://localhost:3000/blocks/viz-crypto-pulse/viz-crypto-pulse.js:121:27) @ http://localhost:3000/blocks/viz-crypto-pulse/viz-crypto-pulse.js:139
[ 1461596ms] [ERROR] Access to fetch at 'https://api.coingecko.com/api/v3/simple/price?ids=btc,eth,sol&vs_currencies=usd&include_market_cap=false&include_24hr_vol=false&include_24hr_change=true' from origin 'http://localhost:3000' has been blocked by CORS policy: No 'Access-Control-Allow-Origin' header is present on the requested resource. @ http://localhost:3000/demo/viz-demo:0
[ 1461596ms] [ERROR] Failed to load resource: net::ERR_FAILED @ https://api.coingecko.com/api/v3/simple/price?ids=btc,eth,sol&vs_currencies=usd&include_market_cap=false&include_24hr_vol=false&include_24hr_change=true:0
[ 1461596ms] [ERROR] REST fetch error: TypeError: Failed to fetch
    at fetchPrices (http://localhost:3000/blocks/viz-crypto-pulse/viz-crypto-pulse.js:121:27) @ http://localhost:3000/blocks/viz-crypto-pulse/viz-crypto-pulse.js:139
[ 1476594ms] [ERROR] Access to fetch at 'https://api.coingecko.com/api/v3/simple/price?ids=btc,eth,sol&vs_currencies=usd&include_market_cap=false&include_24hr_vol=false&include_24hr_change=true' from origin 'http://localhost:3000' has been blocked by CORS policy: No 'Access-Control-Allow-Origin' header is present on the requested resource. @ http://localhost:3000/demo/viz-demo:0
[ 1476594ms] [ERROR] Failed to load resource: net::ERR_FAILED @ https://api.coingecko.com/api/v3/simple/price?ids=btc,eth,sol&vs_currencies=usd&include_market_cap=false&include_24hr_vol=false&include_24hr_change=true:0
[ 1476594ms] [ERROR] REST fetch error: TypeError: Failed to fetch
    at fetchPrices (http://localhost:3000/blocks/viz-crypto-pulse/viz-crypto-pulse.js:121:27) @ http://localhost:3000/blocks/viz-crypto-pulse/viz-crypto-pulse.js:139
[ 1626599ms] [ERROR] Access to fetch at 'https://api.coingecko.com/api/v3/simple/price?ids=btc,eth,sol&vs_currencies=usd&include_market_cap=false&include_24hr_vol=false&include_24hr_change=true' from origin 'http://localhost:3000' has been blocked by CORS policy: No 'Access-Control-Allow-Origin' header is present on the requested resource. @ http://localhost:3000/demo/viz-demo:0
[ 1626599ms] [ERROR] Failed to load resource: net::ERR_FAILED @ https://api.coingecko.com/api/v3/simple/price?ids=btc,eth,sol&vs_currencies=usd&include_market_cap=false&include_24hr_vol=false&include_24hr_change=true:0
[ 1626599ms] [ERROR] REST fetch error: TypeError: Failed to fetch
    at fetchPrices (http://localhost:3000/blocks/viz-crypto-pulse/viz-crypto-pulse.js:121:27) @ http://localhost:3000/blocks/viz-crypto-pulse/viz-crypto-pulse.js:139
[ 1641598ms] [ERROR] Access to fetch at 'https://api.coingecko.com/api/v3/simple/price?ids=btc,eth,sol&vs_currencies=usd&include_market_cap=false&include_24hr_vol=false&include_24hr_change=true' from origin 'http://localhost:3000' has been blocked by CORS policy: No 'Access-Control-Allow-Origin' header is present on the requested resource. @ http://localhost:3000/demo/viz-demo:0
[ 1641598ms] [ERROR] Failed to load resource: net::ERR_FAILED @ https://api.coingecko.com/api/v3/simple/price?ids=btc,eth,sol&vs_currencies=usd&include_market_cap=false&include_24hr_vol=false&include_24hr_change=true:0
[ 1641598ms] [ERROR] REST fetch error: TypeError: Failed to fetch
    at fetchPrices (http://localhost:3000/blocks/viz-crypto-pulse/viz-crypto-pulse.js:121:27) @ http://localhost:3000/blocks/viz-crypto-pulse/viz-crypto-pulse.js:139
[ 1656600ms] [ERROR] Access to fetch at 'https://api.coingecko.com/api/v3/simple/price?ids=btc,eth,sol&vs_currencies=usd&include_market_cap=false&include_24hr_vol=false&include_24hr_change=true' from origin 'http://localhost:3000' has been blocked by CORS policy: No 'Access-Control-Allow-Origin' header is present on the requested resource. @ http://localhost:3000/demo/viz-demo:0
[ 1656600ms] [ERROR] Failed to load resource: net::ERR_FAILED @ https://api.coingecko.com/api/v3/simple/price?ids=btc,eth,sol&vs_currencies=usd&include_market_cap=false&include_24hr_vol=false&include_24hr_change=true:0
[ 1656600ms] [ERROR] REST fetch error: TypeError: Failed to fetch
    at fetchPrices (http://localhost:3000/blocks/viz-crypto-pulse/viz-crypto-pulse.js:121:27) @ http://localhost:3000/blocks/viz-crypto-pulse/viz-crypto-pulse.js:139
[ 1671618ms] [ERROR] Access to fetch at 'https://api.coingecko.com/api/v3/simple/price?ids=btc,eth,sol&vs_currencies=usd&include_market_cap=false&include_24hr_vol=false&include_24hr_change=true' from origin 'http://localhost:3000' has been blocked by CORS policy: No 'Access-Control-Allow-Origin' header is present on the requested resource. @ http://localhost:3000/demo/viz-demo:0
[ 1671618ms] [ERROR] Failed to load resource: net::ERR_FAILED @ https://api.coingecko.com/api/v3/simple/price?ids=btc,eth,sol&vs_currencies=usd&include_market_cap=false&include_24hr_vol=false&include_24hr_change=true:0
[ 1671618ms] [ERROR] REST fetch error: TypeError: Failed to fetch
    at fetchPrices (http://localhost:3000/blocks/viz-crypto-pulse/viz-crypto-pulse.js:121:27) @ http://localhost:3000/blocks/viz-crypto-pulse/viz-crypto-pulse.js:139
[ 1686615ms] [ERROR] Access to fetch at 'https://api.coingecko.com/api/v3/simple/price?ids=btc,eth,sol&vs_currencies=usd&include_market_cap=false&include_24hr_vol=false&include_24hr_change=true' from origin 'http://localhost:3000' has been blocked by CORS policy: No 'Access-Control-Allow-Origin' header is present on the requested resource. @ http://localhost:3000/demo/viz-demo:0
[ 1686615ms] [ERROR] Failed to load resource: net::ERR_FAILED @ https://api.coingecko.com/api/v3/simple/price?ids=btc,eth,sol&vs_currencies=usd&include_market_cap=false&include_24hr_vol=false&include_24hr_change=true:0
[ 1686615ms] [ERROR] REST fetch error: TypeError: Failed to fetch
    at fetchPrices (http://localhost:3000/blocks/viz-crypto-pulse/viz-crypto-pulse.js:121:27) @ http://localhost:3000/blocks/viz-crypto-pulse/viz-crypto-pulse.js:139
[ 1776604ms] [ERROR] Access to fetch at 'https://api.coingecko.com/api/v3/simple/price?ids=btc,eth,sol&vs_currencies=usd&include_market_cap=false&include_24hr_vol=false&include_24hr_change=true' from origin 'http://localhost:3000' has been blocked by CORS policy: No 'Access-Control-Allow-Origin' header is present on the requested resource. @ http://localhost:3000/demo/viz-demo:0
[ 1776605ms] [ERROR] Failed to load resource: net::ERR_FAILED @ https://api.coingecko.com/api/v3/simple/price?ids=btc,eth,sol&vs_currencies=usd&include_market_cap=false&include_24hr_vol=false&include_24hr_change=true:0
[ 1776605ms] [ERROR] REST fetch error: TypeError: Failed to fetch
    at fetchPrices (http://localhost:3000/blocks/viz-crypto-pulse/viz-crypto-pulse.js:121:27) @ http://localhost:3000/blocks/viz-crypto-pulse/viz-crypto-pulse.js:139
[ 1791599ms] [ERROR] Access to fetch at 'https://api.coingecko.com/api/v3/simple/price?ids=btc,eth,sol&vs_currencies=usd&include_market_cap=false&include_24hr_vol=false&include_24hr_change=true' from origin 'http://localhost:3000' has been blocked by CORS policy: No 'Access-Control-Allow-Origin' header is present on the requested resource. @ http://localhost:3000/demo/viz-demo:0
[ 1791599ms] [ERROR] Failed to load resource: net::ERR_FAILED @ https://api.coingecko.com/api/v3/simple/price?ids=btc,eth,sol&vs_currencies=usd&include_market_cap=false&include_24hr_vol=false&include_24hr_change=true:0
[ 1791599ms] [ERROR] REST fetch error: TypeError: Failed to fetch
    at fetchPrices (http://localhost:3000/blocks/viz-crypto-pulse/viz-crypto-pulse.js:121:27) @ http://localhost:3000/blocks/viz-crypto-pulse/viz-crypto-pulse.js:139
[ 1806582ms] [ERROR] Access to fetch at 'https://api.coingecko.com/api/v3/simple/price?ids=btc,eth,sol&vs_currencies=usd&include_market_cap=false&include_24hr_vol=false&include_24hr_change=true' from origin 'http://localhost:3000' has been blocked by CORS policy: No 'Access-Control-Allow-Origin' header is present on the requested resource. @ http://localhost:3000/demo/viz-demo:0
[ 1806582ms] [ERROR] Failed to load resource: net::ERR_FAILED @ https://api.coingecko.com/api/v3/simple/price?ids=btc,eth,sol&vs_currencies=usd&include_market_cap=false&include_24hr_vol=false&include_24hr_change=true:0
[ 1806582ms] [ERROR] REST fetch error: TypeError: Failed to fetch
    at fetchPrices (http://localhost:3000/blocks/viz-crypto-pulse/viz-crypto-pulse.js:121:27) @ http://localhost:3000/blocks/viz-crypto-pulse/viz-crypto-pulse.js:139
[ 1821573ms] [ERROR] Access to fetch at 'https://api.coingecko.com/api/v3/simple/price?ids=btc,eth,sol&vs_currencies=usd&include_market_cap=false&include_24hr_vol=false&include_24hr_change=true' from origin 'http://localhost:3000' has been blocked by CORS policy: No 'Access-Control-Allow-Origin' header is present on the requested resource. @ http://localhost:3000/demo/viz-demo:0
[ 1821573ms] [ERROR] Failed to load resource: net::ERR_FAILED @ https://api.coingecko.com/api/v3/simple/price?ids=btc,eth,sol&vs_currencies=usd&include_market_cap=false&include_24hr_vol=false&include_24hr_change=true:0
[ 1821573ms] [ERROR] REST fetch error: TypeError: Failed to fetch
    at fetchPrices (http://localhost:3000/blocks/viz-crypto-pulse/viz-crypto-pulse.js:121:27) @ http://localhost:3000/blocks/viz-crypto-pulse/viz-crypto-pulse.js:139
[ 1836571ms] [ERROR] Access to fetch at 'https://api.coingecko.com/api/v3/simple/price?ids=btc,eth,sol&vs_currencies=usd&include_market_cap=false&include_24hr_vol=false&include_24hr_change=true' from origin 'http://localhost:3000' has been blocked by CORS policy: No 'Access-Control-Allow-Origin' header is present on the requested resource. @ http://localhost:3000/demo/viz-demo:0
[ 1836572ms] [ERROR] Failed to load resource: net::ERR_FAILED @ https://api.coingecko.com/api/v3/simple/price?ids=btc,eth,sol&vs_currencies=usd&include_market_cap=false&include_24hr_vol=false&include_24hr_change=true:0
[ 1836572ms] [ERROR] REST fetch error: TypeError: Failed to fetch
    at fetchPrices (http://localhost:3000/blocks/viz-crypto-pulse/viz-crypto-pulse.js:121:27) @ http://localhost:3000/blocks/viz-crypto-pulse/viz-crypto-pulse.js:139
[ 2046572ms] [ERROR] Access to fetch at 'https://api.coingecko.com/api/v3/simple/price?ids=btc,eth,sol&vs_currencies=usd&include_market_cap=false&include_24hr_vol=false&include_24hr_change=true' from origin 'http://localhost:3000' has been blocked by CORS policy: No 'Access-Control-Allow-Origin' header is present on the requested resource. @ http://localhost:3000/demo/viz-demo:0
[ 2046572ms] [ERROR] Failed to load resource: net::ERR_FAILED @ https://api.coingecko.com/api/v3/simple/price?ids=btc,eth,sol&vs_currencies=usd&include_market_cap=false&include_24hr_vol=false&include_24hr_change=true:0
[ 2046572ms] [ERROR] REST fetch error: TypeError: Failed to fetch
    at fetchPrices (http://localhost:3000/blocks/viz-crypto-pulse/viz-crypto-pulse.js:121:27) @ http://localhost:3000/blocks/viz-crypto-pulse/viz-crypto-pulse.js:139
[ 2061574ms] [ERROR] Access to fetch at 'https://api.coingecko.com/api/v3/simple/price?ids=btc,eth,sol&vs_currencies=usd&include_market_cap=false&include_24hr_vol=false&include_24hr_change=true' from origin 'http://localhost:3000' has been blocked by CORS policy: No 'Access-Control-Allow-Origin' header is present on the requested resource. @ http://localhost:3000/demo/viz-demo:0
[ 2061574ms] [ERROR] Failed to load resource: net::ERR_FAILED @ https://api.coingecko.com/api/v3/simple/price?ids=btc,eth,sol&vs_currencies=usd&include_market_cap=false&include_24hr_vol=false&include_24hr_change=true:0
[ 2061574ms] [ERROR] REST fetch error: TypeError: Failed to fetch
    at fetchPrices (http://localhost:3000/blocks/viz-crypto-pulse/viz-crypto-pulse.js:121:27) @ http://localhost:3000/blocks/viz-crypto-pulse/viz-crypto-pulse.js:139
[ 2076573ms] [ERROR] Access to fetch at 'https://api.coingecko.com/api/v3/simple/price?ids=btc,eth,sol&vs_currencies=usd&include_market_cap=false&include_24hr_vol=false&include_24hr_change=true' from origin 'http://localhost:3000' has been blocked by CORS policy: No 'Access-Control-Allow-Origin' header is present on the requested resource. @ http://localhost:3000/demo/viz-demo:0
[ 2076573ms] [ERROR] Failed to load resource: net::ERR_FAILED @ https://api.coingecko.com/api/v3/simple/price?ids=btc,eth,sol&vs_currencies=usd&include_market_cap=false&include_24hr_vol=false&include_24hr_change=true:0
[ 2076573ms] [ERROR] REST fetch error: TypeError: Failed to fetch
    at fetchPrices (http://localhost:3000/blocks/viz-crypto-pulse/viz-crypto-pulse.js:121:27) @ http://localhost:3000/blocks/viz-crypto-pulse/viz-crypto-pulse.js:139
[ 2091589ms] [ERROR] Access to fetch at 'https://api.coingecko.com/api/v3/simple/price?ids=btc,eth,sol&vs_currencies=usd&include_market_cap=false&include_24hr_vol=false&include_24hr_change=true' from origin 'http://localhost:3000' has been blocked by CORS policy: No 'Access-Control-Allow-Origin' header is present on the requested resource. @ http://localhost:3000/demo/viz-demo:0
[ 2091589ms] [ERROR] Failed to load resource: net::ERR_FAILED @ https://api.coingecko.com/api/v3/simple/price?ids=btc,eth,sol&vs_currencies=usd&include_market_cap=false&include_24hr_vol=false&include_24hr_change=true:0
[ 2091589ms] [ERROR] REST fetch error: TypeError: Failed to fetch
    at fetchPrices (http://localhost:3000/blocks/viz-crypto-pulse/viz-crypto-pulse.js:121:27) @ http://localhost:3000/blocks/viz-crypto-pulse/viz-crypto-pulse.js:139
[ 2106587ms] [ERROR] Access to fetch at 'https://api.coingecko.com/api/v3/simple/price?ids=btc,eth,sol&vs_currencies=usd&include_market_cap=false&include_24hr_vol=false&include_24hr_change=true' from origin 'http://localhost:3000' has been blocked by CORS policy: No 'Access-Control-Allow-Origin' header is present on the requested resource. @ http://localhost:3000/demo/viz-demo:0
[ 2106587ms] [ERROR] Failed to load resource: net::ERR_FAILED @ https://api.coingecko.com/api/v3/simple/price?ids=btc,eth,sol&vs_currencies=usd&include_market_cap=false&include_24hr_vol=false&include_24hr_change=true:0
[ 2106587ms] [ERROR] REST fetch error: TypeError: Failed to fetch
    at fetchPrices (http://localhost:3000/blocks/viz-crypto-pulse/viz-crypto-pulse.js:121:27) @ http://localhost:3000/blocks/viz-crypto-pulse/viz-crypto-pulse.js:139
[ 2196573ms] [ERROR] Access to fetch at 'https://api.coingecko.com/api/v3/simple/price?ids=btc,eth,sol&vs_currencies=usd&include_market_cap=false&include_24hr_vol=false&include_24hr_change=true' from origin 'http://localhost:3000' has been blocked by CORS policy: No 'Access-Control-Allow-Origin' header is present on the requested resource. @ http://localhost:3000/demo/viz-demo:0
[ 2196573ms] [ERROR] Failed to load resource: net::ERR_FAILED @ https://api.coingecko.com/api/v3/simple/price?ids=btc,eth,sol&vs_currencies=usd&include_market_cap=false&include_24hr_vol=false&include_24hr_change=true:0
[ 2196573ms] [ERROR] REST fetch error: TypeError: Failed to fetch
    at fetchPrices (http://localhost:3000/blocks/viz-crypto-pulse/viz-crypto-pulse.js:121:27) @ http://localhost:3000/blocks/viz-crypto-pulse/viz-crypto-pulse.js:139
[ 2211604ms] [ERROR] Access to fetch at 'https://api.coingecko.com/api/v3/simple/price?ids=btc,eth,sol&vs_currencies=usd&include_market_cap=false&include_24hr_vol=false&include_24hr_change=true' from origin 'http://localhost:3000' has been blocked by CORS policy: No 'Access-Control-Allow-Origin' header is present on the requested resource. @ http://localhost:3000/demo/viz-demo:0
[ 2211604ms] [ERROR] Failed to load resource: net::ERR_FAILED @ https://api.coingecko.com/api/v3/simple/price?ids=btc,eth,sol&vs_currencies=usd&include_market_cap=false&include_24hr_vol=false&include_24hr_change=true:0
[ 2211604ms] [ERROR] REST fetch error: TypeError: Failed to fetch
    at fetchPrices (http://localhost:3000/blocks/viz-crypto-pulse/viz-crypto-pulse.js:121:27) @ http://localhost:3000/blocks/viz-crypto-pulse/viz-crypto-pulse.js:139
[ 2226572ms] [ERROR] Access to fetch at 'https://api.coingecko.com/api/v3/simple/price?ids=btc,eth,sol&vs_currencies=usd&include_market_cap=false&include_24hr_vol=false&include_24hr_change=true' from origin 'http://localhost:3000' has been blocked by CORS policy: No 'Access-Control-Allow-Origin' header is present on the requested resource. @ http://localhost:3000/demo/viz-demo:0
[ 2226572ms] [ERROR] Failed to load resource: net::ERR_FAILED @ https://api.coingecko.com/api/v3/simple/price?ids=btc,eth,sol&vs_currencies=usd&include_market_cap=false&include_24hr_vol=false&include_24hr_change=true:0
[ 2226572ms] [ERROR] REST fetch error: TypeError: Failed to fetch
    at fetchPrices (http://localhost:3000/blocks/viz-crypto-pulse/viz-crypto-pulse.js:121:27) @ http://localhost:3000/blocks/viz-crypto-pulse/viz-crypto-pulse.js:139
[ 2241572ms] [ERROR] Access to fetch at 'https://api.coingecko.com/api/v3/simple/price?ids=btc,eth,sol&vs_currencies=usd&include_market_cap=false&include_24hr_vol=false&include_24hr_change=true' from origin 'http://localhost:3000' has been blocked by CORS policy: No 'Access-Control-Allow-Origin' header is present on the requested resource. @ http://localhost:3000/demo/viz-demo:0
[ 2241572ms] [ERROR] Failed to load resource: net::ERR_FAILED @ https://api.coingecko.com/api/v3/simple/price?ids=btc,eth,sol&vs_currencies=usd&include_market_cap=false&include_24hr_vol=false&include_24hr_change=true:0
[ 2241573ms] [ERROR] REST fetch error: TypeError: Failed to fetch
    at fetchPrices (http://localhost:3000/blocks/viz-crypto-pulse/viz-crypto-pulse.js:121:27) @ http://localhost:3000/blocks/viz-crypto-pulse/viz-crypto-pulse.js:139
[ 2256573ms] [ERROR] Access to fetch at 'https://api.coingecko.com/api/v3/simple/price?ids=btc,eth,sol&vs_currencies=usd&include_market_cap=false&include_24hr_vol=false&include_24hr_change=true' from origin 'http://localhost:3000' has been blocked by CORS policy: No 'Access-Control-Allow-Origin' header is present on the requested resource. @ http://localhost:3000/demo/viz-demo:0
[ 2256573ms] [ERROR] Failed to load resource: net::ERR_FAILED @ https://api.coingecko.com/api/v3/simple/price?ids=btc,eth,sol&vs_currencies=usd&include_market_cap=false&include_24hr_vol=false&include_24hr_change=true:0
[ 2256574ms] [ERROR] REST fetch error: TypeError: Failed to fetch
    at fetchPrices (http://localhost:3000/blocks/viz-crypto-pulse/viz-crypto-pulse.js:121:27) @ http://localhost:3000/blocks/viz-crypto-pulse/viz-crypto-pulse.js:139
[ 2346626ms] [ERROR] Access to fetch at 'https://api.coingecko.com/api/v3/simple/price?ids=btc,eth,sol&vs_currencies=usd&include_market_cap=false&include_24hr_vol=false&include_24hr_change=true' from origin 'http://localhost:3000' has been blocked by CORS policy: No 'Access-Control-Allow-Origin' header is present on the requested resource. @ http://localhost:3000/demo/viz-demo:0
[ 2346627ms] [ERROR] Failed to load resource: net::ERR_FAILED @ https://api.coingecko.com/api/v3/simple/price?ids=btc,eth,sol&vs_currencies=usd&include_market_cap=false&include_24hr_vol=false&include_24hr_change=true:0
[ 2346627ms] [ERROR] REST fetch error: TypeError: Failed to fetch
    at fetchPrices (http://localhost:3000/blocks/viz-crypto-pulse/viz-crypto-pulse.js:121:27) @ http://localhost:3000/blocks/viz-crypto-pulse/viz-crypto-pulse.js:139
[ 2361573ms] [ERROR] Access to fetch at 'https://api.coingecko.com/api/v3/simple/price?ids=btc,eth,sol&vs_currencies=usd&include_market_cap=false&include_24hr_vol=false&include_24hr_change=true' from origin 'http://localhost:3000' has been blocked by CORS policy: No 'Access-Control-Allow-Origin' header is present on the requested resource. @ http://localhost:3000/demo/viz-demo:0
[ 2361573ms] [ERROR] Failed to load resource: net::ERR_FAILED @ https://api.coingecko.com/api/v3/simple/price?ids=btc,eth,sol&vs_currencies=usd&include_market_cap=false&include_24hr_vol=false&include_24hr_change=true:0
[ 2361574ms] [ERROR] REST fetch error: TypeError: Failed to fetch
    at fetchPrices (http://localhost:3000/blocks/viz-crypto-pulse/viz-crypto-pulse.js:121:27) @ http://localhost:3000/blocks/viz-crypto-pulse/viz-crypto-pulse.js:139
[ 2376571ms] [ERROR] Access to fetch at 'https://api.coingecko.com/api/v3/simple/price?ids=btc,eth,sol&vs_currencies=usd&include_market_cap=false&include_24hr_vol=false&include_24hr_change=true' from origin 'http://localhost:3000' has been blocked by CORS policy: No 'Access-Control-Allow-Origin' header is present on the requested resource. @ http://localhost:3000/demo/viz-demo:0
[ 2376571ms] [ERROR] Failed to load resource: net::ERR_FAILED @ https://api.coingecko.com/api/v3/simple/price?ids=btc,eth,sol&vs_currencies=usd&include_market_cap=false&include_24hr_vol=false&include_24hr_change=true:0
[ 2376572ms] [ERROR] REST fetch error: TypeError: Failed to fetch
    at fetchPrices (http://localhost:3000/blocks/viz-crypto-pulse/viz-crypto-pulse.js:121:27) @ http://localhost:3000/blocks/viz-crypto-pulse/viz-crypto-pulse.js:139
[ 2391623ms] [ERROR] Access to fetch at 'https://api.coingecko.com/api/v3/simple/price?ids=btc,eth,sol&vs_currencies=usd&include_market_cap=false&include_24hr_vol=false&include_24hr_change=true' from origin 'http://localhost:3000' has been blocked by CORS policy: No 'Access-Control-Allow-Origin' header is present on the requested resource. @ http://localhost:3000/demo/viz-demo:0
[ 2391624ms] [ERROR] Failed to load resource: net::ERR_FAILED @ https://api.coingecko.com/api/v3/simple/price?ids=btc,eth,sol&vs_currencies=usd&include_market_cap=false&include_24hr_vol=false&include_24hr_change=true:0
[ 2391624ms] [ERROR] REST fetch error: TypeError: Failed to fetch
    at fetchPrices (http://localhost:3000/blocks/viz-crypto-pulse/viz-crypto-pulse.js:121:27) @ http://localhost:3000/blocks/viz-crypto-pulse/viz-crypto-pulse.js:139
[ 2406569ms] [ERROR] Access to fetch at 'https://api.coingecko.com/api/v3/simple/price?ids=btc,eth,sol&vs_currencies=usd&include_market_cap=false&include_24hr_vol=false&include_24hr_change=true' from origin 'http://localhost:3000' has been blocked by CORS policy: No 'Access-Control-Allow-Origin' header is present on the requested resource. @ http://localhost:3000/demo/viz-demo:0
[ 2406569ms] [ERROR] Failed to load resource: net::ERR_FAILED @ https://api.coingecko.com/api/v3/simple/price?ids=btc,eth,sol&vs_currencies=usd&include_market_cap=false&include_24hr_vol=false&include_24hr_change=true:0
[ 2406569ms] [ERROR] REST fetch error: TypeError: Failed to fetch
    at fetchPrices (http://localhost:3000/blocks/viz-crypto-pulse/viz-crypto-pulse.js:121:27) @ http://localhost:3000/blocks/viz-crypto-pulse/viz-crypto-pulse.js:139
[ 2496575ms] [ERROR] Access to fetch at 'https://api.coingecko.com/api/v3/simple/price?ids=btc,eth,sol&vs_currencies=usd&include_market_cap=false&include_24hr_vol=false&include_24hr_change=true' from origin 'http://localhost:3000' has been blocked by CORS policy: No 'Access-Control-Allow-Origin' header is present on the requested resource. @ http://localhost:3000/demo/viz-demo:0
[ 2496575ms] [ERROR] Failed to load resource: net::ERR_FAILED @ https://api.coingecko.com/api/v3/simple/price?ids=btc,eth,sol&vs_currencies=usd&include_market_cap=false&include_24hr_vol=false&include_24hr_change=true:0
[ 2496575ms] [ERROR] REST fetch error: TypeError: Failed to fetch
    at fetchPrices (http://localhost:3000/blocks/viz-crypto-pulse/viz-crypto-pulse.js:121:27) @ http://localhost:3000/blocks/viz-crypto-pulse/viz-crypto-pulse.js:139
[ 2511588ms] [ERROR] Access to fetch at 'https://api.coingecko.com/api/v3/simple/price?ids=btc,eth,sol&vs_currencies=usd&include_market_cap=false&include_24hr_vol=false&include_24hr_change=true' from origin 'http://localhost:3000' has been blocked by CORS policy: No 'Access-Control-Allow-Origin' header is present on the requested resource. @ http://localhost:3000/demo/viz-demo:0
[ 2511588ms] [ERROR] Failed to load resource: net::ERR_FAILED @ https://api.coingecko.com/api/v3/simple/price?ids=btc,eth,sol&vs_currencies=usd&include_market_cap=false&include_24hr_vol=false&include_24hr_change=true:0
[ 2511588ms] [ERROR] REST fetch error: TypeError: Failed to fetch
    at fetchPrices (http://localhost:3000/blocks/viz-crypto-pulse/viz-crypto-pulse.js:121:27) @ http://localhost:3000/blocks/viz-crypto-pulse/viz-crypto-pulse.js:139
[ 2526584ms] [ERROR] Access to fetch at 'https://api.coingecko.com/api/v3/simple/price?ids=btc,eth,sol&vs_currencies=usd&include_market_cap=false&include_24hr_vol=false&include_24hr_change=true' from origin 'http://localhost:3000' has been blocked by CORS policy: No 'Access-Control-Allow-Origin' header is present on the requested resource. @ http://localhost:3000/demo/viz-demo:0
[ 2526585ms] [ERROR] Failed to load resource: net::ERR_FAILED @ https://api.coingecko.com/api/v3/simple/price?ids=btc,eth,sol&vs_currencies=usd&include_market_cap=false&include_24hr_vol=false&include_24hr_change=true:0
[ 2526585ms] [ERROR] REST fetch error: TypeError: Failed to fetch
    at fetchPrices (http://localhost:3000/blocks/viz-crypto-pulse/viz-crypto-pulse.js:121:27) @ http://localhost:3000/blocks/viz-crypto-pulse/viz-crypto-pulse.js:139
[ 2541632ms] [ERROR] Access to fetch at 'https://api.coingecko.com/api/v3/simple/price?ids=btc,eth,sol&vs_currencies=usd&include_market_cap=false&include_24hr_vol=false&include_24hr_change=true' from origin 'http://localhost:3000' has been blocked by CORS policy: No 'Access-Control-Allow-Origin' header is present on the requested resource. @ http://localhost:3000/demo/viz-demo:0
[ 2541633ms] [ERROR] Failed to load resource: net::ERR_FAILED @ https://api.coingecko.com/api/v3/simple/price?ids=btc,eth,sol&vs_currencies=usd&include_market_cap=false&include_24hr_vol=false&include_24hr_change=true:0
[ 2541633ms] [ERROR] REST fetch error: TypeError: Failed to fetch
    at fetchPrices (http://localhost:3000/blocks/viz-crypto-pulse/viz-crypto-pulse.js:121:27) @ http://localhost:3000/blocks/viz-crypto-pulse/viz-crypto-pulse.js:139
[ 2556586ms] [ERROR] Access to fetch at 'https://api.coingecko.com/api/v3/simple/price?ids=btc,eth,sol&vs_currencies=usd&include_market_cap=false&include_24hr_vol=false&include_24hr_change=true' from origin 'http://localhost:3000' has been blocked by CORS policy: No 'Access-Control-Allow-Origin' header is present on the requested resource. @ http://localhost:3000/demo/viz-demo:0
[ 2556586ms] [ERROR] Failed to load resource: net::ERR_FAILED @ https://api.coingecko.com/api/v3/simple/price?ids=btc,eth,sol&vs_currencies=usd&include_market_cap=false&include_24hr_vol=false&include_24hr_change=true:0
[ 2556586ms] [ERROR] REST fetch error: TypeError: Failed to fetch
    at fetchPrices (http://localhost:3000/blocks/viz-crypto-pulse/viz-crypto-pulse.js:121:27) @ http://localhost:3000/blocks/viz-crypto-pulse/viz-crypto-pulse.js:139
[ 2766605ms] [ERROR] Access to fetch at 'https://api.coingecko.com/api/v3/simple/price?ids=btc,eth,sol&vs_currencies=usd&include_market_cap=false&include_24hr_vol=false&include_24hr_change=true' from origin 'http://localhost:3000' has been blocked by CORS policy: No 'Access-Control-Allow-Origin' header is present on the requested resource. @ http://localhost:3000/demo/viz-demo:0
[ 2766605ms] [ERROR] Failed to load resource: net::ERR_FAILED @ https://api.coingecko.com/api/v3/simple/price?ids=btc,eth,sol&vs_currencies=usd&include_market_cap=false&include_24hr_vol=false&include_24hr_change=true:0
[ 2766605ms] [ERROR] REST fetch error: TypeError: Failed to fetch
    at fetchPrices (http://localhost:3000/blocks/viz-crypto-pulse/viz-crypto-pulse.js:121:27) @ http://localhost:3000/blocks/viz-crypto-pulse/viz-crypto-pulse.js:139
[ 2781590ms] [ERROR] Access to fetch at 'https://api.coingecko.com/api/v3/simple/price?ids=btc,eth,sol&vs_currencies=usd&include_market_cap=false&include_24hr_vol=false&include_24hr_change=true' from origin 'http://localhost:3000' has been blocked by CORS policy: No 'Access-Control-Allow-Origin' header is present on the requested resource. @ http://localhost:3000/demo/viz-demo:0
[ 2781590ms] [ERROR] Failed to load resource: net::ERR_FAILED @ https://api.coingecko.com/api/v3/simple/price?ids=btc,eth,sol&vs_currencies=usd&include_market_cap=false&include_24hr_vol=false&include_24hr_change=true:0
[ 2781590ms] [ERROR] REST fetch error: TypeError: Failed to fetch
    at fetchPrices (http://localhost:3000/blocks/viz-crypto-pulse/viz-crypto-pulse.js:121:27) @ http://localhost:3000/blocks/viz-crypto-pulse/viz-crypto-pulse.js:139
[ 2796632ms] [ERROR] Access to fetch at 'https://api.coingecko.com/api/v3/simple/price?ids=btc,eth,sol&vs_currencies=usd&include_market_cap=false&include_24hr_vol=false&include_24hr_change=true' from origin 'http://localhost:3000' has been blocked by CORS policy: No 'Access-Control-Allow-Origin' header is present on the requested resource. @ http://localhost:3000/demo/viz-demo:0
[ 2796632ms] [ERROR] Failed to load resource: net::ERR_FAILED @ https://api.coingecko.com/api/v3/simple/price?ids=btc,eth,sol&vs_currencies=usd&include_market_cap=false&include_24hr_vol=false&include_24hr_change=true:0
[ 2796632ms] [ERROR] REST fetch error: TypeError: Failed to fetch
    at fetchPrices (http://localhost:3000/blocks/viz-crypto-pulse/viz-crypto-pulse.js:121:27) @ http://localhost:3000/blocks/viz-crypto-pulse/viz-crypto-pulse.js:139
[ 2811658ms] [ERROR] Access to fetch at 'https://api.coingecko.com/api/v3/simple/price?ids=btc,eth,sol&vs_currencies=usd&include_market_cap=false&include_24hr_vol=false&include_24hr_change=true' from origin 'http://localhost:3000' has been blocked by CORS policy: No 'Access-Control-Allow-Origin' header is present on the requested resource. @ http://localhost:3000/demo/viz-demo:0
[ 2811659ms] [ERROR] Failed to load resource: net::ERR_FAILED @ https://api.coingecko.com/api/v3/simple/price?ids=btc,eth,sol&vs_currencies=usd&include_market_cap=false&include_24hr_vol=false&include_24hr_change=true:0
[ 2811659ms] [ERROR] REST fetch error: TypeError: Failed to fetch
    at fetchPrices (http://localhost:3000/blocks/viz-crypto-pulse/viz-crypto-pulse.js:121:27) @ http://localhost:3000/blocks/viz-crypto-pulse/viz-crypto-pulse.js:139
[ 2826604ms] [ERROR] Access to fetch at 'https://api.coingecko.com/api/v3/simple/price?ids=btc,eth,sol&vs_currencies=usd&include_market_cap=false&include_24hr_vol=false&include_24hr_change=true' from origin 'http://localhost:3000' has been blocked by CORS policy: No 'Access-Control-Allow-Origin' header is present on the requested resource. @ http://localhost:3000/demo/viz-demo:0
[ 2826604ms] [ERROR] Failed to load resource: net::ERR_FAILED @ https://api.coingecko.com/api/v3/simple/price?ids=btc,eth,sol&vs_currencies=usd&include_market_cap=false&include_24hr_vol=false&include_24hr_change=true:0
[ 2826604ms] [ERROR] REST fetch error: TypeError: Failed to fetch
    at fetchPrices (http://localhost:3000/blocks/viz-crypto-pulse/viz-crypto-pulse.js:121:27) @ http://localhost:3000/blocks/viz-crypto-pulse/viz-crypto-pulse.js:139
[ 2916590ms] [ERROR] Access to fetch at 'https://api.coingecko.com/api/v3/simple/price?ids=btc,eth,sol&vs_currencies=usd&include_market_cap=false&include_24hr_vol=false&include_24hr_change=true' from origin 'http://localhost:3000' has been blocked by CORS policy: No 'Access-Control-Allow-Origin' header is present on the requested resource. @ http://localhost:3000/demo/viz-demo:0
[ 2916590ms] [ERROR] Failed to load resource: net::ERR_FAILED @ https://api.coingecko.com/api/v3/simple/price?ids=btc,eth,sol&vs_currencies=usd&include_market_cap=false&include_24hr_vol=false&include_24hr_change=true:0
[ 2916590ms] [ERROR] REST fetch error: TypeError: Failed to fetch
    at fetchPrices (http://localhost:3000/blocks/viz-crypto-pulse/viz-crypto-pulse.js:121:27) @ http://localhost:3000/blocks/viz-crypto-pulse/viz-crypto-pulse.js:139
[ 2931607ms] [ERROR] Access to fetch at 'https://api.coingecko.com/api/v3/simple/price?ids=btc,eth,sol&vs_currencies=usd&include_market_cap=false&include_24hr_vol=false&include_24hr_change=true' from origin 'http://localhost:3000' has been blocked by CORS policy: No 'Access-Control-Allow-Origin' header is present on the requested resource. @ http://localhost:3000/demo/viz-demo:0
[ 2931607ms] [ERROR] Failed to load resource: net::ERR_FAILED @ https://api.coingecko.com/api/v3/simple/price?ids=btc,eth,sol&vs_currencies=usd&include_market_cap=false&include_24hr_vol=false&include_24hr_change=true:0
[ 2931607ms] [ERROR] REST fetch error: TypeError: Failed to fetch
    at fetchPrices (http://localhost:3000/blocks/viz-crypto-pulse/viz-crypto-pulse.js:121:27) @ http://localhost:3000/blocks/viz-crypto-pulse/viz-crypto-pulse.js:139
[ 2946592ms] [ERROR] Access to fetch at 'https://api.coingecko.com/api/v3/simple/price?ids=btc,eth,sol&vs_currencies=usd&include_market_cap=false&include_24hr_vol=false&include_24hr_change=true' from origin 'http://localhost:3000' has been blocked by CORS policy: No 'Access-Control-Allow-Origin' header is present on the requested resource. @ http://localhost:3000/demo/viz-demo:0
[ 2946592ms] [ERROR] Failed to load resource: net::ERR_FAILED @ https://api.coingecko.com/api/v3/simple/price?ids=btc,eth,sol&vs_currencies=usd&include_market_cap=false&include_24hr_vol=false&include_24hr_change=true:0
[ 2946592ms] [ERROR] REST fetch error: TypeError: Failed to fetch
    at fetchPrices (http://localhost:3000/blocks/viz-crypto-pulse/viz-crypto-pulse.js:121:27) @ http://localhost:3000/blocks/viz-crypto-pulse/viz-crypto-pulse.js:139
[ 2961604ms] [ERROR] Access to fetch at 'https://api.coingecko.com/api/v3/simple/price?ids=btc,eth,sol&vs_currencies=usd&include_market_cap=false&include_24hr_vol=false&include_24hr_change=true' from origin 'http://localhost:3000' has been blocked by CORS policy: No 'Access-Control-Allow-Origin' header is present on the requested resource. @ http://localhost:3000/demo/viz-demo:0
[ 2961604ms] [ERROR] Failed to load resource: net::ERR_FAILED @ https://api.coingecko.com/api/v3/simple/price?ids=btc,eth,sol&vs_currencies=usd&include_market_cap=false&include_24hr_vol=false&include_24hr_change=true:0
[ 2961604ms] [ERROR] REST fetch error: TypeError: Failed to fetch
    at fetchPrices (http://localhost:3000/blocks/viz-crypto-pulse/viz-crypto-pulse.js:121:27) @ http://localhost:3000/blocks/viz-crypto-pulse/viz-crypto-pulse.js:139
[ 2976604ms] [ERROR] Access to fetch at 'https://api.coingecko.com/api/v3/simple/price?ids=btc,eth,sol&vs_currencies=usd&include_market_cap=false&include_24hr_vol=false&include_24hr_change=true' from origin 'http://localhost:3000' has been blocked by CORS policy: No 'Access-Control-Allow-Origin' header is present on the requested resource. @ http://localhost:3000/demo/viz-demo:0
[ 2976604ms] [ERROR] Failed to load resource: net::ERR_FAILED @ https://api.coingecko.com/api/v3/simple/price?ids=btc,eth,sol&vs_currencies=usd&include_market_cap=false&include_24hr_vol=false&include_24hr_change=true:0
[ 2976605ms] [ERROR] REST fetch error: TypeError: Failed to fetch
    at fetchPrices (http://localhost:3000/blocks/viz-crypto-pulse/viz-crypto-pulse.js:121:27) @ http://localhost:3000/blocks/viz-crypto-pulse/viz-crypto-pulse.js:139
[ 3066606ms] [ERROR] Access to fetch at 'https://api.coingecko.com/api/v3/simple/price?ids=btc,eth,sol&vs_currencies=usd&include_market_cap=false&include_24hr_vol=false&include_24hr_change=true' from origin 'http://localhost:3000' has been blocked by CORS policy: No 'Access-Control-Allow-Origin' header is present on the requested resource. @ http://localhost:3000/demo/viz-demo:0
[ 3066607ms] [ERROR] Failed to load resource: net::ERR_FAILED @ https://api.coingecko.com/api/v3/simple/price?ids=btc,eth,sol&vs_currencies=usd&include_market_cap=false&include_24hr_vol=false&include_24hr_change=true:0
[ 3066607ms] [ERROR] REST fetch error: TypeError: Failed to fetch
    at fetchPrices (http://localhost:3000/blocks/viz-crypto-pulse/viz-crypto-pulse.js:121:27) @ http://localhost:3000/blocks/viz-crypto-pulse/viz-crypto-pulse.js:139
[ 3081588ms] [ERROR] Access to fetch at 'https://api.coingecko.com/api/v3/simple/price?ids=btc,eth,sol&vs_currencies=usd&include_market_cap=false&include_24hr_vol=false&include_24hr_change=true' from origin 'http://localhost:3000' has been blocked by CORS policy: No 'Access-Control-Allow-Origin' header is present on the requested resource. @ http://localhost:3000/demo/viz-demo:0
[ 3081588ms] [ERROR] Failed to load resource: net::ERR_FAILED @ https://api.coingecko.com/api/v3/simple/price?ids=btc,eth,sol&vs_currencies=usd&include_market_cap=false&include_24hr_vol=false&include_24hr_change=true:0
[ 3081589ms] [ERROR] REST fetch error: TypeError: Failed to fetch
    at fetchPrices (http://localhost:3000/blocks/viz-crypto-pulse/viz-crypto-pulse.js:121:27) @ http://localhost:3000/blocks/viz-crypto-pulse/viz-crypto-pulse.js:139
[ 3096603ms] [ERROR] Access to fetch at 'https://api.coingecko.com/api/v3/simple/price?ids=btc,eth,sol&vs_currencies=usd&include_market_cap=false&include_24hr_vol=false&include_24hr_change=true' from origin 'http://localhost:3000' has been blocked by CORS policy: No 'Access-Control-Allow-Origin' header is present on the requested resource. @ http://localhost:3000/demo/viz-demo:0
[ 3096603ms] [ERROR] Failed to load resource: net::ERR_FAILED @ https://api.coingecko.com/api/v3/simple/price?ids=btc,eth,sol&vs_currencies=usd&include_market_cap=false&include_24hr_vol=false&include_24hr_change=true:0
[ 3096603ms] [ERROR] REST fetch error: TypeError: Failed to fetch
    at fetchPrices (http://localhost:3000/blocks/viz-crypto-pulse/viz-crypto-pulse.js:121:27) @ http://localhost:3000/blocks/viz-crypto-pulse/viz-crypto-pulse.js:139
[ 3111724ms] [ERROR] Access to fetch at 'https://api.coingecko.com/api/v3/simple/price?ids=btc,eth,sol&vs_currencies=usd&include_market_cap=false&include_24hr_vol=false&include_24hr_change=true' from origin 'http://localhost:3000' has been blocked by CORS policy: No 'Access-Control-Allow-Origin' header is present on the requested resource. @ http://localhost:3000/demo/viz-demo:0
[ 3111724ms] [ERROR] Failed to load resource: net::ERR_FAILED @ https://api.coingecko.com/api/v3/simple/price?ids=btc,eth,sol&vs_currencies=usd&include_market_cap=false&include_24hr_vol=false&include_24hr_change=true:0
[ 3111725ms] [ERROR] REST fetch error: TypeError: Failed to fetch
    at fetchPrices (http://localhost:3000/blocks/viz-crypto-pulse/viz-crypto-pulse.js:121:27) @ http://localhost:3000/blocks/viz-crypto-pulse/viz-crypto-pulse.js:139
[ 3126608ms] [ERROR] Access to fetch at 'https://api.coingecko.com/api/v3/simple/price?ids=btc,eth,sol&vs_currencies=usd&include_market_cap=false&include_24hr_vol=false&include_24hr_change=true' from origin 'http://localhost:3000' has been blocked by CORS policy: No 'Access-Control-Allow-Origin' header is present on the requested resource. @ http://localhost:3000/demo/viz-demo:0
[ 3126608ms] [ERROR] Failed to load resource: net::ERR_FAILED @ https://api.coingecko.com/api/v3/simple/price?ids=btc,eth,sol&vs_currencies=usd&include_market_cap=false&include_24hr_vol=false&include_24hr_change=true:0
[ 3126608ms] [ERROR] REST fetch error: TypeError: Failed to fetch
    at fetchPrices (http://localhost:3000/blocks/viz-crypto-pulse/viz-crypto-pulse.js:121:27) @ http://localhost:3000/blocks/viz-crypto-pulse/viz-crypto-pulse.js:139
[ 3216601ms] [ERROR] Access to fetch at 'https://api.coingecko.com/api/v3/simple/price?ids=btc,eth,sol&vs_currencies=usd&include_market_cap=false&include_24hr_vol=false&include_24hr_change=true' from origin 'http://localhost:3000' has been blocked by CORS policy: No 'Access-Control-Allow-Origin' header is present on the requested resource. @ http://localhost:3000/demo/viz-demo:0
[ 3216601ms] [ERROR] Failed to load resource: net::ERR_FAILED @ https://api.coingecko.com/api/v3/simple/price?ids=btc,eth,sol&vs_currencies=usd&include_market_cap=false&include_24hr_vol=false&include_24hr_change=true:0
[ 3216602ms] [ERROR] REST fetch error: TypeError: Failed to fetch
    at fetchPrices (http://localhost:3000/blocks/viz-crypto-pulse/viz-crypto-pulse.js:121:27) @ http://localhost:3000/blocks/viz-crypto-pulse/viz-crypto-pulse.js:139
[ 3231637ms] [ERROR] Access to fetch at 'https://api.coingecko.com/api/v3/simple/price?ids=btc,eth,sol&vs_currencies=usd&include_market_cap=false&include_24hr_vol=false&include_24hr_change=true' from origin 'http://localhost:3000' has been blocked by CORS policy: No 'Access-Control-Allow-Origin' header is present on the requested resource. @ http://localhost:3000/demo/viz-demo:0
[ 3231637ms] [ERROR] Failed to load resource: net::ERR_FAILED @ https://api.coingecko.com/api/v3/simple/price?ids=btc,eth,sol&vs_currencies=usd&include_market_cap=false&include_24hr_vol=false&include_24hr_change=true:0
[ 3231637ms] [ERROR] REST fetch error: TypeError: Failed to fetch
    at fetchPrices (http://localhost:3000/blocks/viz-crypto-pulse/viz-crypto-pulse.js:121:27) @ http://localhost:3000/blocks/viz-crypto-pulse/viz-crypto-pulse.js:139
[ 3246608ms] [ERROR] Access to fetch at 'https://api.coingecko.com/api/v3/simple/price?ids=btc,eth,sol&vs_currencies=usd&include_market_cap=false&include_24hr_vol=false&include_24hr_change=true' from origin 'http://localhost:3000' has been blocked by CORS policy: No 'Access-Control-Allow-Origin' header is present on the requested resource. @ http://localhost:3000/demo/viz-demo:0
[ 3246608ms] [ERROR] Failed to load resource: net::ERR_FAILED @ https://api.coingecko.com/api/v3/simple/price?ids=btc,eth,sol&vs_currencies=usd&include_market_cap=false&include_24hr_vol=false&include_24hr_change=true:0
[ 3246608ms] [ERROR] REST fetch error: TypeError: Failed to fetch
    at fetchPrices (http://localhost:3000/blocks/viz-crypto-pulse/viz-crypto-pulse.js:121:27) @ http://localhost:3000/blocks/viz-crypto-pulse/viz-crypto-pulse.js:139
[ 3261608ms] [ERROR] Access to fetch at 'https://api.coingecko.com/api/v3/simple/price?ids=btc,eth,sol&vs_currencies=usd&include_market_cap=false&include_24hr_vol=false&include_24hr_change=true' from origin 'http://localhost:3000' has been blocked by CORS policy: No 'Access-Control-Allow-Origin' header is present on the requested resource. @ http://localhost:3000/demo/viz-demo:0
[ 3261608ms] [ERROR] Failed to load resource: net::ERR_FAILED @ https://api.coingecko.com/api/v3/simple/price?ids=btc,eth,sol&vs_currencies=usd&include_market_cap=false&include_24hr_vol=false&include_24hr_change=true:0
[ 3261608ms] [ERROR] REST fetch error: TypeError: Failed to fetch
    at fetchPrices (http://localhost:3000/blocks/viz-crypto-pulse/viz-crypto-pulse.js:121:27) @ http://localhost:3000/blocks/viz-crypto-pulse/viz-crypto-pulse.js:139
[ 3276622ms] [ERROR] Access to fetch at 'https://api.coingecko.com/api/v3/simple/price?ids=btc,eth,sol&vs_currencies=usd&include_market_cap=false&include_24hr_vol=false&include_24hr_change=true' from origin 'http://localhost:3000' has been blocked by CORS policy: No 'Access-Control-Allow-Origin' header is present on the requested resource. @ http://localhost:3000/demo/viz-demo:0
[ 3276622ms] [ERROR] Failed to load resource: net::ERR_FAILED @ https://api.coingecko.com/api/v3/simple/price?ids=btc,eth,sol&vs_currencies=usd&include_market_cap=false&include_24hr_vol=false&include_24hr_change=true:0
[ 3276623ms] [ERROR] REST fetch error: TypeError: Failed to fetch
    at fetchPrices (http://localhost:3000/blocks/viz-crypto-pulse/viz-crypto-pulse.js:121:27) @ http://localhost:3000/blocks/viz-crypto-pulse/viz-crypto-pulse.js:139
